[debug] [2021-03-09T14:27:29.088Z] ----------------------------------------------------------------------
[debug] [2021-03-09T14:27:29.090Z] Command:       C:\Program Files\nodejs\node.exe C:\Users\being\AppData\Roaming\npm\node_modules\firebase-tools\lib\bin\firebase.js emulators:start
[debug] [2021-03-09T14:27:29.090Z] CLI Version:   9.5.0
[debug] [2021-03-09T14:27:29.090Z] Platform:      win32
[debug] [2021-03-09T14:27:29.090Z] Node Version:  v14.16.0
[debug] [2021-03-09T14:27:29.091Z] Time:          Tue Mar 09 2021 19:57:29 GMT+0530 (India Standard Time)
[debug] [2021-03-09T14:27:29.091Z] ----------------------------------------------------------------------
[debug] [2021-03-09T14:27:29.091Z] 
[debug] [2021-03-09T14:27:29.098Z] > command requires scopes: ["email","openid","https://www.googleapis.com/auth/cloudplatformprojects.readonly","https://www.googleapis.com/auth/firebase","https://www.googleapis.com/auth/cloud-platform"]
[debug] [2021-03-09T14:27:29.099Z] > authorizing via signed-in user
[info] i  emulators: Starting emulators: functions, hosting {"metadata":{"emulator":{"name":"hub"},"message":"Starting emulators: functions, hosting"}}
[warn] !  emulators: It seems that you are running multiple instances of the emulator suite for project clone-b51f3. This may result in unexpected behavior. 
[debug] [2021-03-09T14:27:29.134Z] [hub] writing locator at C:\Users\being\AppData\Local\Temp\hub-clone-b51f3.json
[warn] !  functions: The following emulators are not running, calls to these services from the Functions emulator will affect production: auth, firestore, database, pubsub {"metadata":{"emulator":{"name":"functions"},"message":"The following emulators are not running, calls to these services from the Functions emulator will affect production: \u001b[1mauth, firestore, database, pubsub\u001b[22m"}}
[warn] !  Your requested "node" version "12" doesn't match your global version "14" {"metadata":{"emulator":{"name":"functions"},"message":"Your requested \"node\" version \"12\" doesn't match your global version \"14\""}}
[debug] [2021-03-09T14:27:29.168Z] defaultcredentials: writing to file C:\Users\being\AppData\Roaming\firebase\amazonclone420_gmail_com_application_default_credentials.json
[debug] [2021-03-09T14:27:29.169Z] Setting GAC to C:\Users\being\AppData\Roaming\firebase\amazonclone420_gmail_com_application_default_credentials.json {"metadata":{"emulator":{"name":"functions"},"message":"Setting GAC to C:\\Users\\being\\AppData\\Roaming\\firebase\\amazonclone420_gmail_com_application_default_credentials.json"}}
[debug] [2021-03-09T14:27:29.171Z] > refreshing access token with scopes: []
[debug] [2021-03-09T14:27:29.172Z] >>> HTTP REQUEST POST https://www.googleapis.com/oauth2/v3/token  
 <request body omitted>
[debug] [2021-03-09T14:27:29.813Z] <<< HTTP RESPONSE 200 {"date":"Tue, 09 Mar 2021 14:27:29 GMT","cache-control":"no-cache, no-store, max-age=0, must-revalidate","expires":"Mon, 01 Jan 1990 00:00:00 GMT","pragma":"no-cache","content-type":"application/json; charset=utf-8","vary":"X-Origin, Referer, Origin,Accept-Encoding","server":"scaffolding on HTTPServer2","x-xss-protection":"0","x-frame-options":"SAMEORIGIN","x-content-type-options":"nosniff","alt-svc":"h3-29=\":443\"; ma=2592000,h3-T051=\":443\"; ma=2592000,h3-Q050=\":443\"; ma=2592000,h3-Q046=\":443\"; ma=2592000,h3-Q043=\":443\"; ma=2592000,quic=\":443\"; ma=2592000; v=\"46,43\"","accept-ranges":"none","transfer-encoding":"chunked"}
[debug] [2021-03-09T14:27:29.820Z] >>> [apiv2][query] GET https://firebase.googleapis.com/v1beta1/projects/clone-b51f3/adminSdkConfig [none]
[debug] [2021-03-09T14:27:30.538Z] <<< [apiv2][status] GET https://firebase.googleapis.com/v1beta1/projects/clone-b51f3/adminSdkConfig 200
[debug] [2021-03-09T14:27:30.538Z] <<< [apiv2][body] GET https://firebase.googleapis.com/v1beta1/projects/clone-b51f3/adminSdkConfig {"projectId":"clone-b51f3","storageBucket":"clone-b51f3.appspot.com"}
[debug] [2021-03-09T14:27:30.549Z] >>> [apiv2][query] GET https://firebase.googleapis.com/v1beta1/projects/clone-b51f3/webApps/-/config [none]
[debug] [2021-03-09T14:27:31.864Z] <<< [apiv2][status] GET https://firebase.googleapis.com/v1beta1/projects/clone-b51f3/webApps/-/config 200
[debug] [2021-03-09T14:27:31.864Z] <<< [apiv2][body] GET https://firebase.googleapis.com/v1beta1/projects/clone-b51f3/webApps/-/config {"projectId":"clone-b51f3","appId":"1:853706123511:web:b92f11a336c773b8154bf2","storageBucket":"clone-b51f3.appspot.com","apiKey":"AIzaSyDLCBRy8BFx6naHRe8v-Lkow8WgchF5nFQ","authDomain":"clone-b51f3.firebaseapp.com","messagingSenderId":"853706123511","measurementId":"G-G3RZCWPEG7"}
[info] i  hosting: Serving hosting files from: build {"metadata":{"emulator":{"name":"hosting"},"message":"Serving hosting files from: \u001b[1mbuild\u001b[22m"}}
[info] +  hosting: Local server: http://localhost:5000 {"metadata":{"emulator":{"name":"hosting"},"message":"Local server: \u001b[4m\u001b[1mhttp://localhost:5000\u001b[22m\u001b[24m"}}
[debug] [2021-03-09T14:27:32.403Z] Ignoring unsupported arg: auto_download {"metadata":{"emulator":{"name":"ui"},"message":"Ignoring unsupported arg: auto_download"}}
[debug] [2021-03-09T14:27:32.403Z] Ignoring unsupported arg: port {"metadata":{"emulator":{"name":"ui"},"message":"Ignoring unsupported arg: port"}}
[debug] [2021-03-09T14:27:32.403Z] Starting Emulator UI with command {"binary":"node","args":["C:\\Users\\being\\.cache\\firebase\\emulators\\ui-v1.4.2\\server.bundle.js"],"optionalArgs":[],"joinArgs":false} {"metadata":{"emulator":{"name":"ui"},"message":"Starting Emulator UI with command {\"binary\":\"node\",\"args\":[\"C:\\\\Users\\\\being\\\\.cache\\\\firebase\\\\emulators\\\\ui-v1.4.2\\\\server.bundle.js\"],\"optionalArgs\":[],\"joinArgs\":false}"}}
[info] i  ui: Emulator UI logging to ui-debug.log {"metadata":{"emulator":{"name":"ui"},"message":"Emulator UI logging to \u001b[1mui-debug.log\u001b[22m"}}
[debug] [2021-03-09T14:27:32.521Z] Web / API server started at http://localhost:4000
 {"metadata":{"emulator":{"name":"ui"},"message":"Web / API server started at http://localhost:4000\n"}}
[info] i  functions: Watching "C:\Users\being\Desktop\clone-master\react-challenge-amazon-clone-master\functions" for Cloud Functions... {"metadata":{"emulator":{"name":"functions"},"message":"Watching \"C:\\Users\\being\\Desktop\\clone-master\\react-challenge-amazon-clone-master\\functions\" for Cloud Functions..."}}
[debug] [2021-03-09T14:27:32.680Z] [worker-pool] addWorker(~diagnostic~) {"metadata":{"emulator":{"name":"functions"},"message":"[worker-pool] addWorker(~diagnostic~)"}}
[debug] [2021-03-09T14:27:32.680Z] [worker-pool] Adding worker with key ~diagnostic~, total=1 {"metadata":{"emulator":{"name":"functions"},"message":"[worker-pool] Adding worker with key ~diagnostic~, total=1"}}
[debug] [2021-03-09T14:27:32.680Z] [worker-pool] submitWork(triggerId=) {"metadata":{"emulator":{"name":"functions"},"message":"[worker-pool] submitWork(triggerId=)"}}
[debug] [2021-03-09T14:27:32.680Z] [worker-~diagnostic~-d7d48d71-d916-4bd3-a3b9-300004e31486]: Assigning socketPath: \\?\pipe\C:\Users\being\Desktop\clone-master\react-challenge-amazon-clone-master\functions\7520 {"metadata":{"emulator":{"name":"functions"},"message":"[worker-~diagnostic~-d7d48d71-d916-4bd3-a3b9-300004e31486]: Assigning socketPath: \\\\?\\pipe\\C:\\Users\\being\\Desktop\\clone-master\\react-challenge-amazon-clone-master\\functions\\7520"}}
[debug] [2021-03-09T14:27:32.681Z] [worker-~diagnostic~-d7d48d71-d916-4bd3-a3b9-300004e31486]: BUSY {"metadata":{"emulator":{"name":"functions"},"message":"[worker-~diagnostic~-d7d48d71-d916-4bd3-a3b9-300004e31486]: BUSY"}}
[debug] [2021-03-09T14:27:32.893Z] [runtime-status] [7520] Functions runtime initialized. {"cwd":"C:\\Users\\being\\Desktop\\clone-master\\react-challenge-amazon-clone-master\\functions","node_version":"14.16.0"} {"metadata":{"emulator":{"name":"functions"},"message":"[runtime-status] [7520] Functions runtime initialized. {\"cwd\":\"C:\\\\Users\\\\being\\\\Desktop\\\\clone-master\\\\react-challenge-amazon-clone-master\\\\functions\",\"node_version\":\"14.16.0\"}"}}
[debug] [2021-03-09T14:27:32.893Z] [runtime-status] [7520] Disabled runtime features: undefined {"metadata":{"emulator":{"name":"functions"},"message":"[runtime-status] [7520] Disabled runtime features: undefined"}}
[debug] [2021-03-09T14:27:32.896Z] [runtime-status] [7520] Resolved module firebase-admin {"declared":true,"installed":true,"version":"9.5.0","resolution":"C:\\Users\\being\\Desktop\\clone-master\\react-challenge-amazon-clone-master\\functions\\node_modules\\firebase-admin\\lib\\index.js"} {"metadata":{"emulator":{"name":"functions"},"message":"[runtime-status] [7520] Resolved module firebase-admin {\"declared\":true,\"installed\":true,\"version\":\"9.5.0\",\"resolution\":\"C:\\\\Users\\\\being\\\\Desktop\\\\clone-master\\\\react-challenge-amazon-clone-master\\\\functions\\\\node_modules\\\\firebase-admin\\\\lib\\\\index.js\"}"}}
[debug] [2021-03-09T14:27:32.898Z] [runtime-status] [7520] Resolved module firebase-functions {"declared":true,"installed":true,"version":"3.11.0","resolution":"C:\\Users\\being\\Desktop\\clone-master\\react-challenge-amazon-clone-master\\functions\\node_modules\\firebase-functions\\lib\\index.js"} {"metadata":{"emulator":{"name":"functions"},"message":"[runtime-status] [7520] Resolved module firebase-functions {\"declared\":true,\"installed\":true,\"version\":\"3.11.0\",\"resolution\":\"C:\\\\Users\\\\being\\\\Desktop\\\\clone-master\\\\react-challenge-amazon-clone-master\\\\functions\\\\node_modules\\\\firebase-functions\\\\lib\\\\index.js\"}"}}
[debug] [2021-03-09T14:27:32.899Z] [runtime-status] [7520] Resolved module firebase-functions {"declared":true,"installed":true,"version":"3.11.0","resolution":"C:\\Users\\being\\Desktop\\clone-master\\react-challenge-amazon-clone-master\\functions\\node_modules\\firebase-functions\\lib\\index.js"} {"metadata":{"emulator":{"name":"functions"},"message":"[runtime-status] [7520] Resolved module firebase-functions {\"declared\":true,\"installed\":true,\"version\":\"3.11.0\",\"resolution\":\"C:\\\\Users\\\\being\\\\Desktop\\\\clone-master\\\\react-challenge-amazon-clone-master\\\\functions\\\\node_modules\\\\firebase-functions\\\\lib\\\\index.js\"}"}}
[debug] [2021-03-09T14:27:32.901Z] [runtime-status] [7520] Outgoing network have been stubbed. [{"name":"http","status":"mocked"},{"name":"http","status":"mocked"},{"name":"https","status":"mocked"},{"name":"https","status":"mocked"},{"name":"net","status":"mocked"}] {"metadata":{"emulator":{"name":"functions"},"message":"[runtime-status] [7520] Outgoing network have been stubbed. [{\"name\":\"http\",\"status\":\"mocked\"},{\"name\":\"http\",\"status\":\"mocked\"},{\"name\":\"https\",\"status\":\"mocked\"},{\"name\":\"https\",\"status\":\"mocked\"},{\"name\":\"net\",\"status\":\"mocked\"}]"}}
[debug] [2021-03-09T14:27:32.901Z] [runtime-status] [7520] Resolved module firebase-functions {"declared":true,"installed":true,"version":"3.11.0","resolution":"C:\\Users\\being\\Desktop\\clone-master\\react-challenge-amazon-clone-master\\functions\\node_modules\\firebase-functions\\lib\\index.js"} {"metadata":{"emulator":{"name":"functions"},"message":"[runtime-status] [7520] Resolved module firebase-functions {\"declared\":true,\"installed\":true,\"version\":\"3.11.0\",\"resolution\":\"C:\\\\Users\\\\being\\\\Desktop\\\\clone-master\\\\react-challenge-amazon-clone-master\\\\functions\\\\node_modules\\\\firebase-functions\\\\lib\\\\index.js\"}"}}
[debug] [2021-03-09T14:27:32.951Z] [runtime-status] [7520] Checked functions.config() {"config":{}} {"metadata":{"emulator":{"name":"functions"},"message":"[runtime-status] [7520] Checked functions.config() {\"config\":{}}"}}
[debug] [2021-03-09T14:27:32.951Z] [runtime-status] [7520] firebase-functions has been stubbed. {"functionsResolution":{"declared":true,"installed":true,"version":"3.11.0","resolution":"C:\\Users\\being\\Desktop\\clone-master\\react-challenge-amazon-clone-master\\functions\\node_modules\\firebase-functions\\lib\\index.js"}} {"metadata":{"emulator":{"name":"functions"},"message":"[runtime-status] [7520] firebase-functions has been stubbed. {\"functionsResolution\":{\"declared\":true,\"installed\":true,\"version\":\"3.11.0\",\"resolution\":\"C:\\\\Users\\\\being\\\\Desktop\\\\clone-master\\\\react-challenge-amazon-clone-master\\\\functions\\\\node_modules\\\\firebase-functions\\\\lib\\\\index.js\"}}"}}
[debug] [2021-03-09T14:27:32.952Z] [runtime-status] [7520] Resolved module firebase-functions {"declared":true,"installed":true,"version":"3.11.0","resolution":"C:\\Users\\being\\Desktop\\clone-master\\react-challenge-amazon-clone-master\\functions\\node_modules\\firebase-functions\\lib\\index.js"} {"metadata":{"emulator":{"name":"functions"},"message":"[runtime-status] [7520] Resolved module firebase-functions {\"declared\":true,\"installed\":true,\"version\":\"3.11.0\",\"resolution\":\"C:\\\\Users\\\\being\\\\Desktop\\\\clone-master\\\\react-challenge-amazon-clone-master\\\\functions\\\\node_modules\\\\firebase-functions\\\\lib\\\\index.js\"}"}}
[debug] [2021-03-09T14:27:32.953Z] [runtime-status] [7520] Resolved module firebase-admin {"declared":true,"installed":true,"version":"9.5.0","resolution":"C:\\Users\\being\\Desktop\\clone-master\\react-challenge-amazon-clone-master\\functions\\node_modules\\firebase-admin\\lib\\index.js"} {"metadata":{"emulator":{"name":"functions"},"message":"[runtime-status] [7520] Resolved module firebase-admin {\"declared\":true,\"installed\":true,\"version\":\"9.5.0\",\"resolution\":\"C:\\\\Users\\\\being\\\\Desktop\\\\clone-master\\\\react-challenge-amazon-clone-master\\\\functions\\\\node_modules\\\\firebase-admin\\\\lib\\\\index.js\"}"}}
[debug] [2021-03-09T14:27:32.954Z] [runtime-status] [7520] Resolved module firebase-functions {"declared":true,"installed":true,"version":"3.11.0","resolution":"C:\\Users\\being\\Desktop\\clone-master\\react-challenge-amazon-clone-master\\functions\\node_modules\\firebase-functions\\lib\\index.js"} {"metadata":{"emulator":{"name":"functions"},"message":"[runtime-status] [7520] Resolved module firebase-functions {\"declared\":true,\"installed\":true,\"version\":\"3.11.0\",\"resolution\":\"C:\\\\Users\\\\being\\\\Desktop\\\\clone-master\\\\react-challenge-amazon-clone-master\\\\functions\\\\node_modules\\\\firebase-functions\\\\lib\\\\index.js\"}"}}
[debug] [2021-03-09T14:27:32.954Z] [runtime-status] [7520] firebase-admin has been stubbed. {"adminResolution":{"declared":true,"installed":true,"version":"9.5.0","resolution":"C:\\Users\\being\\Desktop\\clone-master\\react-challenge-amazon-clone-master\\functions\\node_modules\\firebase-admin\\lib\\index.js"}} {"metadata":{"emulator":{"name":"functions"},"message":"[runtime-status] [7520] firebase-admin has been stubbed. {\"adminResolution\":{\"declared\":true,\"installed\":true,\"version\":\"9.5.0\",\"resolution\":\"C:\\\\Users\\\\being\\\\Desktop\\\\clone-master\\\\react-challenge-amazon-clone-master\\\\functions\\\\node_modules\\\\firebase-admin\\\\lib\\\\index.js\"}}"}}
[info] 
┌─────────────────────────────────────────────────────────────┐
│ ✔  All emulators ready! It is now safe to connect your app. │
│ i  View Emulator UI at http://localhost:4000                │
└─────────────────────────────────────────────────────────────┘

┌───────────┬────────────────┬─────────────────────────────────┐
│ Emulator  │ Host:Port      │ View in Emulator UI             │
├───────────┼────────────────┼─────────────────────────────────┤
│ Functions │ localhost:5001 │ http://localhost:4000/functions │
├───────────┼────────────────┼─────────────────────────────────┤
│ Hosting   │ localhost:5000 │ n/a                             │
└───────────┴────────────────┴─────────────────────────────────┘
  Emulator Hub running at localhost:4400
  Other reserved ports: 4500

Issues? Report them at https://github.com/firebase/firebase-tools/issues and attach the *-debug.log files.
 
[debug] [2021-03-09T14:27:32.963Z] [worker-~diagnostic~-d7d48d71-d916-4bd3-a3b9-300004e31486]: IDLE {"metadata":{"emulator":{"name":"functions"},"message":"[worker-~diagnostic~-d7d48d71-d916-4bd3-a3b9-300004e31486]: IDLE"}}
[debug] [2021-03-09T14:33:52.445Z] File C:\Users\being\Desktop\clone-master\react-challenge-amazon-clone-master\functions\index.js changed, reloading triggers {"metadata":{"emulator":{"name":"functions"},"message":"File C:\\Users\\being\\Desktop\\clone-master\\react-challenge-amazon-clone-master\\functions\\index.js changed, reloading triggers"}}
[debug] [2021-03-09T14:33:53.446Z] [worker-pool] Shutting down IDLE worker (~diagnostic~) {"metadata":{"emulator":{"name":"functions"},"message":"[worker-pool] Shutting down IDLE worker (~diagnostic~)"}}
[debug] [2021-03-09T14:33:53.447Z] [worker-~diagnostic~-d7d48d71-d916-4bd3-a3b9-300004e31486]: FINISHING {"metadata":{"emulator":{"name":"functions"},"message":"[worker-~diagnostic~-d7d48d71-d916-4bd3-a3b9-300004e31486]: FINISHING"}}
[debug] [2021-03-09T14:33:53.452Z] [worker-pool] addWorker(~diagnostic~) {"metadata":{"emulator":{"name":"functions"},"message":"[worker-pool] addWorker(~diagnostic~)"}}
[debug] [2021-03-09T14:33:53.452Z] [worker-pool] Adding worker with key ~diagnostic~, total=2 {"metadata":{"emulator":{"name":"functions"},"message":"[worker-pool] Adding worker with key ~diagnostic~, total=2"}}
[debug] [2021-03-09T14:33:53.452Z] [worker-pool] submitWork(triggerId=) {"metadata":{"emulator":{"name":"functions"},"message":"[worker-pool] submitWork(triggerId=)"}}
[debug] [2021-03-09T14:33:53.452Z] [worker-~diagnostic~-7e3d7adf-0114-4c54-a2b5-f7f3880c5872]: Assigning socketPath: \\?\pipe\C:\Users\being\Desktop\clone-master\react-challenge-amazon-clone-master\functions\4692 {"metadata":{"emulator":{"name":"functions"},"message":"[worker-~diagnostic~-7e3d7adf-0114-4c54-a2b5-f7f3880c5872]: Assigning socketPath: \\\\?\\pipe\\C:\\Users\\being\\Desktop\\clone-master\\react-challenge-amazon-clone-master\\functions\\4692"}}
[debug] [2021-03-09T14:33:53.452Z] [worker-~diagnostic~-7e3d7adf-0114-4c54-a2b5-f7f3880c5872]: BUSY {"metadata":{"emulator":{"name":"functions"},"message":"[worker-~diagnostic~-7e3d7adf-0114-4c54-a2b5-f7f3880c5872]: BUSY"}}
[debug] [2021-03-09T14:33:53.453Z] [worker-~diagnostic~-d7d48d71-d916-4bd3-a3b9-300004e31486]: exited {"metadata":{"emulator":{"name":"functions"},"message":"[worker-~diagnostic~-d7d48d71-d916-4bd3-a3b9-300004e31486]: exited"}}
[debug] [2021-03-09T14:33:53.453Z] [worker-~diagnostic~-d7d48d71-d916-4bd3-a3b9-300004e31486]: FINISHED {"metadata":{"emulator":{"name":"functions"},"message":"[worker-~diagnostic~-d7d48d71-d916-4bd3-a3b9-300004e31486]: FINISHED"}}
[debug] [2021-03-09T14:33:53.641Z] [runtime-status] [4692] Functions runtime initialized. {"cwd":"C:\\Users\\being\\Desktop\\clone-master\\react-challenge-amazon-clone-master\\functions","node_version":"14.16.0"} {"metadata":{"emulator":{"name":"functions"},"message":"[runtime-status] [4692] Functions runtime initialized. {\"cwd\":\"C:\\\\Users\\\\being\\\\Desktop\\\\clone-master\\\\react-challenge-amazon-clone-master\\\\functions\",\"node_version\":\"14.16.0\"}"}}
[debug] [2021-03-09T14:33:53.642Z] [runtime-status] [4692] Disabled runtime features: undefined {"metadata":{"emulator":{"name":"functions"},"message":"[runtime-status] [4692] Disabled runtime features: undefined"}}
[debug] [2021-03-09T14:33:53.646Z] [runtime-status] [4692] Resolved module firebase-admin {"declared":true,"installed":true,"version":"9.5.0","resolution":"C:\\Users\\being\\Desktop\\clone-master\\react-challenge-amazon-clone-master\\functions\\node_modules\\firebase-admin\\lib\\index.js"} {"metadata":{"emulator":{"name":"functions"},"message":"[runtime-status] [4692] Resolved module firebase-admin {\"declared\":true,\"installed\":true,\"version\":\"9.5.0\",\"resolution\":\"C:\\\\Users\\\\being\\\\Desktop\\\\clone-master\\\\react-challenge-amazon-clone-master\\\\functions\\\\node_modules\\\\firebase-admin\\\\lib\\\\index.js\"}"}}
[debug] [2021-03-09T14:33:53.647Z] [runtime-status] [4692] Resolved module firebase-functions {"declared":true,"installed":true,"version":"3.11.0","resolution":"C:\\Users\\being\\Desktop\\clone-master\\react-challenge-amazon-clone-master\\functions\\node_modules\\firebase-functions\\lib\\index.js"} {"metadata":{"emulator":{"name":"functions"},"message":"[runtime-status] [4692] Resolved module firebase-functions {\"declared\":true,\"installed\":true,\"version\":\"3.11.0\",\"resolution\":\"C:\\\\Users\\\\being\\\\Desktop\\\\clone-master\\\\react-challenge-amazon-clone-master\\\\functions\\\\node_modules\\\\firebase-functions\\\\lib\\\\index.js\"}"}}
[debug] [2021-03-09T14:33:53.649Z] [runtime-status] [4692] Resolved module firebase-functions {"declared":true,"installed":true,"version":"3.11.0","resolution":"C:\\Users\\being\\Desktop\\clone-master\\react-challenge-amazon-clone-master\\functions\\node_modules\\firebase-functions\\lib\\index.js"} {"metadata":{"emulator":{"name":"functions"},"message":"[runtime-status] [4692] Resolved module firebase-functions {\"declared\":true,\"installed\":true,\"version\":\"3.11.0\",\"resolution\":\"C:\\\\Users\\\\being\\\\Desktop\\\\clone-master\\\\react-challenge-amazon-clone-master\\\\functions\\\\node_modules\\\\firebase-functions\\\\lib\\\\index.js\"}"}}
[debug] [2021-03-09T14:33:53.650Z] [runtime-status] [4692] Outgoing network have been stubbed. [{"name":"http","status":"mocked"},{"name":"http","status":"mocked"},{"name":"https","status":"mocked"},{"name":"https","status":"mocked"},{"name":"net","status":"mocked"}] {"metadata":{"emulator":{"name":"functions"},"message":"[runtime-status] [4692] Outgoing network have been stubbed. [{\"name\":\"http\",\"status\":\"mocked\"},{\"name\":\"http\",\"status\":\"mocked\"},{\"name\":\"https\",\"status\":\"mocked\"},{\"name\":\"https\",\"status\":\"mocked\"},{\"name\":\"net\",\"status\":\"mocked\"}]"}}
[debug] [2021-03-09T14:33:53.651Z] [runtime-status] [4692] Resolved module firebase-functions {"declared":true,"installed":true,"version":"3.11.0","resolution":"C:\\Users\\being\\Desktop\\clone-master\\react-challenge-amazon-clone-master\\functions\\node_modules\\firebase-functions\\lib\\index.js"} {"metadata":{"emulator":{"name":"functions"},"message":"[runtime-status] [4692] Resolved module firebase-functions {\"declared\":true,\"installed\":true,\"version\":\"3.11.0\",\"resolution\":\"C:\\\\Users\\\\being\\\\Desktop\\\\clone-master\\\\react-challenge-amazon-clone-master\\\\functions\\\\node_modules\\\\firebase-functions\\\\lib\\\\index.js\"}"}}
[debug] [2021-03-09T14:33:53.694Z] [runtime-status] [4692] Checked functions.config() {"config":{}} {"metadata":{"emulator":{"name":"functions"},"message":"[runtime-status] [4692] Checked functions.config() {\"config\":{}}"}}
[debug] [2021-03-09T14:33:53.695Z] [runtime-status] [4692] firebase-functions has been stubbed. {"functionsResolution":{"declared":true,"installed":true,"version":"3.11.0","resolution":"C:\\Users\\being\\Desktop\\clone-master\\react-challenge-amazon-clone-master\\functions\\node_modules\\firebase-functions\\lib\\index.js"}} {"metadata":{"emulator":{"name":"functions"},"message":"[runtime-status] [4692] firebase-functions has been stubbed. {\"functionsResolution\":{\"declared\":true,\"installed\":true,\"version\":\"3.11.0\",\"resolution\":\"C:\\\\Users\\\\being\\\\Desktop\\\\clone-master\\\\react-challenge-amazon-clone-master\\\\functions\\\\node_modules\\\\firebase-functions\\\\lib\\\\index.js\"}}"}}
[debug] [2021-03-09T14:33:53.695Z] [runtime-status] [4692] Resolved module firebase-functions {"declared":true,"installed":true,"version":"3.11.0","resolution":"C:\\Users\\being\\Desktop\\clone-master\\react-challenge-amazon-clone-master\\functions\\node_modules\\firebase-functions\\lib\\index.js"} {"metadata":{"emulator":{"name":"functions"},"message":"[runtime-status] [4692] Resolved module firebase-functions {\"declared\":true,\"installed\":true,\"version\":\"3.11.0\",\"resolution\":\"C:\\\\Users\\\\being\\\\Desktop\\\\clone-master\\\\react-challenge-amazon-clone-master\\\\functions\\\\node_modules\\\\firebase-functions\\\\lib\\\\index.js\"}"}}
[debug] [2021-03-09T14:33:53.696Z] [runtime-status] [4692] Resolved module firebase-admin {"declared":true,"installed":true,"version":"9.5.0","resolution":"C:\\Users\\being\\Desktop\\clone-master\\react-challenge-amazon-clone-master\\functions\\node_modules\\firebase-admin\\lib\\index.js"} {"metadata":{"emulator":{"name":"functions"},"message":"[runtime-status] [4692] Resolved module firebase-admin {\"declared\":true,\"installed\":true,\"version\":\"9.5.0\",\"resolution\":\"C:\\\\Users\\\\being\\\\Desktop\\\\clone-master\\\\react-challenge-amazon-clone-master\\\\functions\\\\node_modules\\\\firebase-admin\\\\lib\\\\index.js\"}"}}
[debug] [2021-03-09T14:33:53.697Z] [runtime-status] [4692] Resolved module firebase-functions {"declared":true,"installed":true,"version":"3.11.0","resolution":"C:\\Users\\being\\Desktop\\clone-master\\react-challenge-amazon-clone-master\\functions\\node_modules\\firebase-functions\\lib\\index.js"} {"metadata":{"emulator":{"name":"functions"},"message":"[runtime-status] [4692] Resolved module firebase-functions {\"declared\":true,\"installed\":true,\"version\":\"3.11.0\",\"resolution\":\"C:\\\\Users\\\\being\\\\Desktop\\\\clone-master\\\\react-challenge-amazon-clone-master\\\\functions\\\\node_modules\\\\firebase-functions\\\\lib\\\\index.js\"}"}}
[debug] [2021-03-09T14:33:53.697Z] [runtime-status] [4692] firebase-admin has been stubbed. {"adminResolution":{"declared":true,"installed":true,"version":"9.5.0","resolution":"C:\\Users\\being\\Desktop\\clone-master\\react-challenge-amazon-clone-master\\functions\\node_modules\\firebase-admin\\lib\\index.js"}} {"metadata":{"emulator":{"name":"functions"},"message":"[runtime-status] [4692] firebase-admin has been stubbed. {\"adminResolution\":{\"declared\":true,\"installed\":true,\"version\":\"9.5.0\",\"resolution\":\"C:\\\\Users\\\\being\\\\Desktop\\\\clone-master\\\\react-challenge-amazon-clone-master\\\\functions\\\\node_modules\\\\firebase-admin\\\\lib\\\\index.js\"}}"}}
[warn] !  C:\Users\being\Desktop\clone-master\react-challenge-amazon-clone-master\functions\index.js:5
('sk_test_51ISg9PKFnz6l6ZXniEmyTbuLBiML4MvjvHiy
 ^^^^^^^^^^^^^^^^^^^^^^^^^^^^^^^^^^^^^^^^^^^^^^

SyntaxError: Invalid or unexpected token
    at wrapSafe (internal/modules/cjs/loader.js:979:16)
    at Module._compile (internal/modules/cjs/loader.js:1027:27)
    at Object.Module._extensions..js (internal/modules/cjs/loader.js:1092:10)
    at Module.load (internal/modules/cjs/loader.js:928:32)
    at Function.Module._load (internal/modules/cjs/loader.js:769:14)
    at Module.require (internal/modules/cjs/loader.js:952:19)
    at require (internal/modules/cjs/helpers.js:88:18)
    at initializeRuntime (C:\Users\being\AppData\Roaming\npm\node_modules\firebase-tools\lib\emulator\functionsEmulatorRuntime.js:678:29)
    at processTicksAndRejections (internal/process/task_queues.js:93:5)
    at async handleMessage (C:\Users\being\AppData\Roaming\npm\node_modules\firebase-tools\lib\emulator\functionsEmulatorRuntime.js:716:20) {"metadata":{"emulator":{"name":"functions"},"message":"C:\\Users\\being\\Desktop\\clone-master\\react-challenge-amazon-clone-master\\functions\\index.js:5\n('sk_test_51ISg9PKFnz6l6ZXniEmyTbuLBiML4MvjvHiy\n ^^^^^^^^^^^^^^^^^^^^^^^^^^^^^^^^^^^^^^^^^^^^^^\n\nSyntaxError: Invalid or unexpected token\n    at wrapSafe (internal/modules/cjs/loader.js:979:16)\n    at Module._compile (internal/modules/cjs/loader.js:1027:27)\n    at Object.Module._extensions..js (internal/modules/cjs/loader.js:1092:10)\n    at Module.load (internal/modules/cjs/loader.js:928:32)\n    at Function.Module._load (internal/modules/cjs/loader.js:769:14)\n    at Module.require (internal/modules/cjs/loader.js:952:19)\n    at require (internal/modules/cjs/helpers.js:88:18)\n    at initializeRuntime (C:\\Users\\being\\AppData\\Roaming\\npm\\node_modules\\firebase-tools\\lib\\emulator\\functionsEmulatorRuntime.js:678:29)\n    at processTicksAndRejections (internal/process/task_queues.js:93:5)\n    at async handleMessage (C:\\Users\\being\\AppData\\Roaming\\npm\\node_modules\\firebase-tools\\lib\\emulator\\functionsEmulatorRuntime.js:716:20)"}}
[warn] !  We were unable to load your functions code. (see above) {"metadata":{"emulator":{"name":"functions"}}}
[debug] [2021-03-09T14:33:53.721Z] [worker-~diagnostic~-7e3d7adf-0114-4c54-a2b5-f7f3880c5872]: exited {"metadata":{"emulator":{"name":"functions"},"message":"[worker-~diagnostic~-7e3d7adf-0114-4c54-a2b5-f7f3880c5872]: exited"}}
[debug] [2021-03-09T14:33:53.721Z] [worker-~diagnostic~-7e3d7adf-0114-4c54-a2b5-f7f3880c5872]: FINISHED {"metadata":{"emulator":{"name":"functions"},"message":"[worker-~diagnostic~-7e3d7adf-0114-4c54-a2b5-f7f3880c5872]: FINISHED"}}
[debug] [2021-03-09T14:47:33.417Z] File C:\Users\being\Desktop\clone-master\react-challenge-amazon-clone-master\functions\index.js changed, reloading triggers {"metadata":{"emulator":{"name":"functions"},"message":"File C:\\Users\\being\\Desktop\\clone-master\\react-challenge-amazon-clone-master\\functions\\index.js changed, reloading triggers"}}
[debug] [2021-03-09T14:47:34.427Z] [worker-pool] Cleaned up workers for ~diagnostic~: 2 --> 0 {"metadata":{"emulator":{"name":"functions"},"message":"[worker-pool] Cleaned up workers for ~diagnostic~: 2 --> 0"}}
[debug] [2021-03-09T14:47:34.432Z] [worker-pool] addWorker(~diagnostic~) {"metadata":{"emulator":{"name":"functions"},"message":"[worker-pool] addWorker(~diagnostic~)"}}
[debug] [2021-03-09T14:47:34.432Z] [worker-pool] Adding worker with key ~diagnostic~, total=1 {"metadata":{"emulator":{"name":"functions"},"message":"[worker-pool] Adding worker with key ~diagnostic~, total=1"}}
[debug] [2021-03-09T14:47:34.432Z] [worker-pool] submitWork(triggerId=) {"metadata":{"emulator":{"name":"functions"},"message":"[worker-pool] submitWork(triggerId=)"}}
[debug] [2021-03-09T14:47:34.432Z] [worker-~diagnostic~-bdb3c8bd-2625-4ff3-8ff7-7b846e4ba59e]: Assigning socketPath: \\?\pipe\C:\Users\being\Desktop\clone-master\react-challenge-amazon-clone-master\functions\14776 {"metadata":{"emulator":{"name":"functions"},"message":"[worker-~diagnostic~-bdb3c8bd-2625-4ff3-8ff7-7b846e4ba59e]: Assigning socketPath: \\\\?\\pipe\\C:\\Users\\being\\Desktop\\clone-master\\react-challenge-amazon-clone-master\\functions\\14776"}}
[debug] [2021-03-09T14:47:34.432Z] [worker-~diagnostic~-bdb3c8bd-2625-4ff3-8ff7-7b846e4ba59e]: BUSY {"metadata":{"emulator":{"name":"functions"},"message":"[worker-~diagnostic~-bdb3c8bd-2625-4ff3-8ff7-7b846e4ba59e]: BUSY"}}
[debug] [2021-03-09T14:47:34.638Z] [runtime-status] [14776] Functions runtime initialized. {"cwd":"C:\\Users\\being\\Desktop\\clone-master\\react-challenge-amazon-clone-master\\functions","node_version":"14.16.0"} {"metadata":{"emulator":{"name":"functions"},"message":"[runtime-status] [14776] Functions runtime initialized. {\"cwd\":\"C:\\\\Users\\\\being\\\\Desktop\\\\clone-master\\\\react-challenge-amazon-clone-master\\\\functions\",\"node_version\":\"14.16.0\"}"}}
[debug] [2021-03-09T14:47:34.641Z] [runtime-status] [14776] Disabled runtime features: undefined {"metadata":{"emulator":{"name":"functions"},"message":"[runtime-status] [14776] Disabled runtime features: undefined"}}
[debug] [2021-03-09T14:47:34.644Z] [runtime-status] [14776] Resolved module firebase-admin {"declared":true,"installed":true,"version":"9.5.0","resolution":"C:\\Users\\being\\Desktop\\clone-master\\react-challenge-amazon-clone-master\\functions\\node_modules\\firebase-admin\\lib\\index.js"} {"metadata":{"emulator":{"name":"functions"},"message":"[runtime-status] [14776] Resolved module firebase-admin {\"declared\":true,\"installed\":true,\"version\":\"9.5.0\",\"resolution\":\"C:\\\\Users\\\\being\\\\Desktop\\\\clone-master\\\\react-challenge-amazon-clone-master\\\\functions\\\\node_modules\\\\firebase-admin\\\\lib\\\\index.js\"}"}}
[debug] [2021-03-09T14:47:34.645Z] [runtime-status] [14776] Resolved module firebase-functions {"declared":true,"installed":true,"version":"3.11.0","resolution":"C:\\Users\\being\\Desktop\\clone-master\\react-challenge-amazon-clone-master\\functions\\node_modules\\firebase-functions\\lib\\index.js"} {"metadata":{"emulator":{"name":"functions"},"message":"[runtime-status] [14776] Resolved module firebase-functions {\"declared\":true,\"installed\":true,\"version\":\"3.11.0\",\"resolution\":\"C:\\\\Users\\\\being\\\\Desktop\\\\clone-master\\\\react-challenge-amazon-clone-master\\\\functions\\\\node_modules\\\\firebase-functions\\\\lib\\\\index.js\"}"}}
[debug] [2021-03-09T14:47:34.647Z] [runtime-status] [14776] Resolved module firebase-functions {"declared":true,"installed":true,"version":"3.11.0","resolution":"C:\\Users\\being\\Desktop\\clone-master\\react-challenge-amazon-clone-master\\functions\\node_modules\\firebase-functions\\lib\\index.js"} {"metadata":{"emulator":{"name":"functions"},"message":"[runtime-status] [14776] Resolved module firebase-functions {\"declared\":true,\"installed\":true,\"version\":\"3.11.0\",\"resolution\":\"C:\\\\Users\\\\being\\\\Desktop\\\\clone-master\\\\react-challenge-amazon-clone-master\\\\functions\\\\node_modules\\\\firebase-functions\\\\lib\\\\index.js\"}"}}
[debug] [2021-03-09T14:47:34.648Z] [runtime-status] [14776] Outgoing network have been stubbed. [{"name":"http","status":"mocked"},{"name":"http","status":"mocked"},{"name":"https","status":"mocked"},{"name":"https","status":"mocked"},{"name":"net","status":"mocked"}] {"metadata":{"emulator":{"name":"functions"},"message":"[runtime-status] [14776] Outgoing network have been stubbed. [{\"name\":\"http\",\"status\":\"mocked\"},{\"name\":\"http\",\"status\":\"mocked\"},{\"name\":\"https\",\"status\":\"mocked\"},{\"name\":\"https\",\"status\":\"mocked\"},{\"name\":\"net\",\"status\":\"mocked\"}]"}}
[debug] [2021-03-09T14:47:34.649Z] [runtime-status] [14776] Resolved module firebase-functions {"declared":true,"installed":true,"version":"3.11.0","resolution":"C:\\Users\\being\\Desktop\\clone-master\\react-challenge-amazon-clone-master\\functions\\node_modules\\firebase-functions\\lib\\index.js"} {"metadata":{"emulator":{"name":"functions"},"message":"[runtime-status] [14776] Resolved module firebase-functions {\"declared\":true,\"installed\":true,\"version\":\"3.11.0\",\"resolution\":\"C:\\\\Users\\\\being\\\\Desktop\\\\clone-master\\\\react-challenge-amazon-clone-master\\\\functions\\\\node_modules\\\\firebase-functions\\\\lib\\\\index.js\"}"}}
[debug] [2021-03-09T14:47:34.697Z] [runtime-status] [14776] Checked functions.config() {"config":{}} {"metadata":{"emulator":{"name":"functions"},"message":"[runtime-status] [14776] Checked functions.config() {\"config\":{}}"}}
[debug] [2021-03-09T14:47:34.697Z] [runtime-status] [14776] firebase-functions has been stubbed. {"functionsResolution":{"declared":true,"installed":true,"version":"3.11.0","resolution":"C:\\Users\\being\\Desktop\\clone-master\\react-challenge-amazon-clone-master\\functions\\node_modules\\firebase-functions\\lib\\index.js"}} {"metadata":{"emulator":{"name":"functions"},"message":"[runtime-status] [14776] firebase-functions has been stubbed. {\"functionsResolution\":{\"declared\":true,\"installed\":true,\"version\":\"3.11.0\",\"resolution\":\"C:\\\\Users\\\\being\\\\Desktop\\\\clone-master\\\\react-challenge-amazon-clone-master\\\\functions\\\\node_modules\\\\firebase-functions\\\\lib\\\\index.js\"}}"}}
[debug] [2021-03-09T14:47:34.698Z] [runtime-status] [14776] Resolved module firebase-functions {"declared":true,"installed":true,"version":"3.11.0","resolution":"C:\\Users\\being\\Desktop\\clone-master\\react-challenge-amazon-clone-master\\functions\\node_modules\\firebase-functions\\lib\\index.js"} {"metadata":{"emulator":{"name":"functions"},"message":"[runtime-status] [14776] Resolved module firebase-functions {\"declared\":true,\"installed\":true,\"version\":\"3.11.0\",\"resolution\":\"C:\\\\Users\\\\being\\\\Desktop\\\\clone-master\\\\react-challenge-amazon-clone-master\\\\functions\\\\node_modules\\\\firebase-functions\\\\lib\\\\index.js\"}"}}
[debug] [2021-03-09T14:47:34.699Z] [runtime-status] [14776] Resolved module firebase-admin {"declared":true,"installed":true,"version":"9.5.0","resolution":"C:\\Users\\being\\Desktop\\clone-master\\react-challenge-amazon-clone-master\\functions\\node_modules\\firebase-admin\\lib\\index.js"} {"metadata":{"emulator":{"name":"functions"},"message":"[runtime-status] [14776] Resolved module firebase-admin {\"declared\":true,\"installed\":true,\"version\":\"9.5.0\",\"resolution\":\"C:\\\\Users\\\\being\\\\Desktop\\\\clone-master\\\\react-challenge-amazon-clone-master\\\\functions\\\\node_modules\\\\firebase-admin\\\\lib\\\\index.js\"}"}}
[debug] [2021-03-09T14:47:34.699Z] [runtime-status] [14776] Resolved module firebase-functions {"declared":true,"installed":true,"version":"3.11.0","resolution":"C:\\Users\\being\\Desktop\\clone-master\\react-challenge-amazon-clone-master\\functions\\node_modules\\firebase-functions\\lib\\index.js"} {"metadata":{"emulator":{"name":"functions"},"message":"[runtime-status] [14776] Resolved module firebase-functions {\"declared\":true,\"installed\":true,\"version\":\"3.11.0\",\"resolution\":\"C:\\\\Users\\\\being\\\\Desktop\\\\clone-master\\\\react-challenge-amazon-clone-master\\\\functions\\\\node_modules\\\\firebase-functions\\\\lib\\\\index.js\"}"}}
[debug] [2021-03-09T14:47:34.699Z] [runtime-status] [14776] firebase-admin has been stubbed. {"adminResolution":{"declared":true,"installed":true,"version":"9.5.0","resolution":"C:\\Users\\being\\Desktop\\clone-master\\react-challenge-amazon-clone-master\\functions\\node_modules\\firebase-admin\\lib\\index.js"}} {"metadata":{"emulator":{"name":"functions"},"message":"[runtime-status] [14776] firebase-admin has been stubbed. {\"adminResolution\":{\"declared\":true,\"installed\":true,\"version\":\"9.5.0\",\"resolution\":\"C:\\\\Users\\\\being\\\\Desktop\\\\clone-master\\\\react-challenge-amazon-clone-master\\\\functions\\\\node_modules\\\\firebase-admin\\\\lib\\\\index.js\"}}"}}
[warn] !  C:\Users\being\Desktop\clone-master\react-challenge-amazon-clone-master\functions\index.js:19
  const paymentIntent = await stripe.paymentIntent.create({
                        ^^^^^

SyntaxError: await is only valid in async function
    at wrapSafe (internal/modules/cjs/loader.js:979:16)
    at Module._compile (internal/modules/cjs/loader.js:1027:27)
    at Object.Module._extensions..js (internal/modules/cjs/loader.js:1092:10)
    at Module.load (internal/modules/cjs/loader.js:928:32)
    at Function.Module._load (internal/modules/cjs/loader.js:769:14)
    at Module.require (internal/modules/cjs/loader.js:952:19)
    at require (internal/modules/cjs/helpers.js:88:18)
    at initializeRuntime (C:\Users\being\AppData\Roaming\npm\node_modules\firebase-tools\lib\emulator\functionsEmulatorRuntime.js:678:29)
    at processTicksAndRejections (internal/process/task_queues.js:93:5)
    at async handleMessage (C:\Users\being\AppData\Roaming\npm\node_modules\firebase-tools\lib\emulator\functionsEmulatorRuntime.js:716:20) {"metadata":{"emulator":{"name":"functions"},"message":"C:\\Users\\being\\Desktop\\clone-master\\react-challenge-amazon-clone-master\\functions\\index.js:19\n  const paymentIntent = await stripe.paymentIntent.create({\n                        ^^^^^\n\nSyntaxError: await is only valid in async function\n    at wrapSafe (internal/modules/cjs/loader.js:979:16)\n    at Module._compile (internal/modules/cjs/loader.js:1027:27)\n    at Object.Module._extensions..js (internal/modules/cjs/loader.js:1092:10)\n    at Module.load (internal/modules/cjs/loader.js:928:32)\n    at Function.Module._load (internal/modules/cjs/loader.js:769:14)\n    at Module.require (internal/modules/cjs/loader.js:952:19)\n    at require (internal/modules/cjs/helpers.js:88:18)\n    at initializeRuntime (C:\\Users\\being\\AppData\\Roaming\\npm\\node_modules\\firebase-tools\\lib\\emulator\\functionsEmulatorRuntime.js:678:29)\n    at processTicksAndRejections (internal/process/task_queues.js:93:5)\n    at async handleMessage (C:\\Users\\being\\AppData\\Roaming\\npm\\node_modules\\firebase-tools\\lib\\emulator\\functionsEmulatorRuntime.js:716:20)"}}
[warn] !  We were unable to load your functions code. (see above) {"metadata":{"emulator":{"name":"functions"}}}
[debug] [2021-03-09T14:47:34.735Z] [worker-~diagnostic~-bdb3c8bd-2625-4ff3-8ff7-7b846e4ba59e]: exited {"metadata":{"emulator":{"name":"functions"},"message":"[worker-~diagnostic~-bdb3c8bd-2625-4ff3-8ff7-7b846e4ba59e]: exited"}}
[debug] [2021-03-09T14:47:34.735Z] [worker-~diagnostic~-bdb3c8bd-2625-4ff3-8ff7-7b846e4ba59e]: FINISHED {"metadata":{"emulator":{"name":"functions"},"message":"[worker-~diagnostic~-bdb3c8bd-2625-4ff3-8ff7-7b846e4ba59e]: FINISHED"}}
[debug] [2021-03-09T14:49:44.301Z] File C:\Users\being\Desktop\clone-master\react-challenge-amazon-clone-master\functions\index.js changed, reloading triggers {"metadata":{"emulator":{"name":"functions"},"message":"File C:\\Users\\being\\Desktop\\clone-master\\react-challenge-amazon-clone-master\\functions\\index.js changed, reloading triggers"}}
[debug] [2021-03-09T14:49:45.308Z] [worker-pool] Cleaned up workers for ~diagnostic~: 1 --> 0 {"metadata":{"emulator":{"name":"functions"},"message":"[worker-pool] Cleaned up workers for ~diagnostic~: 1 --> 0"}}
[debug] [2021-03-09T14:49:45.313Z] [worker-pool] addWorker(~diagnostic~) {"metadata":{"emulator":{"name":"functions"},"message":"[worker-pool] addWorker(~diagnostic~)"}}
[debug] [2021-03-09T14:49:45.313Z] [worker-pool] Adding worker with key ~diagnostic~, total=1 {"metadata":{"emulator":{"name":"functions"},"message":"[worker-pool] Adding worker with key ~diagnostic~, total=1"}}
[debug] [2021-03-09T14:49:45.313Z] [worker-pool] submitWork(triggerId=) {"metadata":{"emulator":{"name":"functions"},"message":"[worker-pool] submitWork(triggerId=)"}}
[debug] [2021-03-09T14:49:45.313Z] [worker-~diagnostic~-323b2cd5-4f33-4ceb-b76c-0fec35802322]: Assigning socketPath: \\?\pipe\C:\Users\being\Desktop\clone-master\react-challenge-amazon-clone-master\functions\10696 {"metadata":{"emulator":{"name":"functions"},"message":"[worker-~diagnostic~-323b2cd5-4f33-4ceb-b76c-0fec35802322]: Assigning socketPath: \\\\?\\pipe\\C:\\Users\\being\\Desktop\\clone-master\\react-challenge-amazon-clone-master\\functions\\10696"}}
[debug] [2021-03-09T14:49:45.313Z] [worker-~diagnostic~-323b2cd5-4f33-4ceb-b76c-0fec35802322]: BUSY {"metadata":{"emulator":{"name":"functions"},"message":"[worker-~diagnostic~-323b2cd5-4f33-4ceb-b76c-0fec35802322]: BUSY"}}
[debug] [2021-03-09T14:49:45.496Z] [runtime-status] [10696] Functions runtime initialized. {"cwd":"C:\\Users\\being\\Desktop\\clone-master\\react-challenge-amazon-clone-master\\functions","node_version":"14.16.0"} {"metadata":{"emulator":{"name":"functions"},"message":"[runtime-status] [10696] Functions runtime initialized. {\"cwd\":\"C:\\\\Users\\\\being\\\\Desktop\\\\clone-master\\\\react-challenge-amazon-clone-master\\\\functions\",\"node_version\":\"14.16.0\"}"}}
[debug] [2021-03-09T14:49:45.499Z] [runtime-status] [10696] Disabled runtime features: undefined {"metadata":{"emulator":{"name":"functions"},"message":"[runtime-status] [10696] Disabled runtime features: undefined"}}
[debug] [2021-03-09T14:49:45.502Z] [runtime-status] [10696] Resolved module firebase-admin {"declared":true,"installed":true,"version":"9.5.0","resolution":"C:\\Users\\being\\Desktop\\clone-master\\react-challenge-amazon-clone-master\\functions\\node_modules\\firebase-admin\\lib\\index.js"} {"metadata":{"emulator":{"name":"functions"},"message":"[runtime-status] [10696] Resolved module firebase-admin {\"declared\":true,\"installed\":true,\"version\":\"9.5.0\",\"resolution\":\"C:\\\\Users\\\\being\\\\Desktop\\\\clone-master\\\\react-challenge-amazon-clone-master\\\\functions\\\\node_modules\\\\firebase-admin\\\\lib\\\\index.js\"}"}}
[debug] [2021-03-09T14:49:45.503Z] [runtime-status] [10696] Resolved module firebase-functions {"declared":true,"installed":true,"version":"3.11.0","resolution":"C:\\Users\\being\\Desktop\\clone-master\\react-challenge-amazon-clone-master\\functions\\node_modules\\firebase-functions\\lib\\index.js"} {"metadata":{"emulator":{"name":"functions"},"message":"[runtime-status] [10696] Resolved module firebase-functions {\"declared\":true,\"installed\":true,\"version\":\"3.11.0\",\"resolution\":\"C:\\\\Users\\\\being\\\\Desktop\\\\clone-master\\\\react-challenge-amazon-clone-master\\\\functions\\\\node_modules\\\\firebase-functions\\\\lib\\\\index.js\"}"}}
[debug] [2021-03-09T14:49:45.505Z] [runtime-status] [10696] Resolved module firebase-functions {"declared":true,"installed":true,"version":"3.11.0","resolution":"C:\\Users\\being\\Desktop\\clone-master\\react-challenge-amazon-clone-master\\functions\\node_modules\\firebase-functions\\lib\\index.js"} {"metadata":{"emulator":{"name":"functions"},"message":"[runtime-status] [10696] Resolved module firebase-functions {\"declared\":true,\"installed\":true,\"version\":\"3.11.0\",\"resolution\":\"C:\\\\Users\\\\being\\\\Desktop\\\\clone-master\\\\react-challenge-amazon-clone-master\\\\functions\\\\node_modules\\\\firebase-functions\\\\lib\\\\index.js\"}"}}
[debug] [2021-03-09T14:49:45.506Z] [runtime-status] [10696] Outgoing network have been stubbed. [{"name":"http","status":"mocked"},{"name":"http","status":"mocked"},{"name":"https","status":"mocked"},{"name":"https","status":"mocked"},{"name":"net","status":"mocked"}] {"metadata":{"emulator":{"name":"functions"},"message":"[runtime-status] [10696] Outgoing network have been stubbed. [{\"name\":\"http\",\"status\":\"mocked\"},{\"name\":\"http\",\"status\":\"mocked\"},{\"name\":\"https\",\"status\":\"mocked\"},{\"name\":\"https\",\"status\":\"mocked\"},{\"name\":\"net\",\"status\":\"mocked\"}]"}}
[debug] [2021-03-09T14:49:45.507Z] [runtime-status] [10696] Resolved module firebase-functions {"declared":true,"installed":true,"version":"3.11.0","resolution":"C:\\Users\\being\\Desktop\\clone-master\\react-challenge-amazon-clone-master\\functions\\node_modules\\firebase-functions\\lib\\index.js"} {"metadata":{"emulator":{"name":"functions"},"message":"[runtime-status] [10696] Resolved module firebase-functions {\"declared\":true,\"installed\":true,\"version\":\"3.11.0\",\"resolution\":\"C:\\\\Users\\\\being\\\\Desktop\\\\clone-master\\\\react-challenge-amazon-clone-master\\\\functions\\\\node_modules\\\\firebase-functions\\\\lib\\\\index.js\"}"}}
[debug] [2021-03-09T14:49:45.550Z] [runtime-status] [10696] Checked functions.config() {"config":{}} {"metadata":{"emulator":{"name":"functions"},"message":"[runtime-status] [10696] Checked functions.config() {\"config\":{}}"}}
[debug] [2021-03-09T14:49:45.550Z] [runtime-status] [10696] firebase-functions has been stubbed. {"functionsResolution":{"declared":true,"installed":true,"version":"3.11.0","resolution":"C:\\Users\\being\\Desktop\\clone-master\\react-challenge-amazon-clone-master\\functions\\node_modules\\firebase-functions\\lib\\index.js"}} {"metadata":{"emulator":{"name":"functions"},"message":"[runtime-status] [10696] firebase-functions has been stubbed. {\"functionsResolution\":{\"declared\":true,\"installed\":true,\"version\":\"3.11.0\",\"resolution\":\"C:\\\\Users\\\\being\\\\Desktop\\\\clone-master\\\\react-challenge-amazon-clone-master\\\\functions\\\\node_modules\\\\firebase-functions\\\\lib\\\\index.js\"}}"}}
[debug] [2021-03-09T14:49:45.550Z] [runtime-status] [10696] Resolved module firebase-functions {"declared":true,"installed":true,"version":"3.11.0","resolution":"C:\\Users\\being\\Desktop\\clone-master\\react-challenge-amazon-clone-master\\functions\\node_modules\\firebase-functions\\lib\\index.js"} {"metadata":{"emulator":{"name":"functions"},"message":"[runtime-status] [10696] Resolved module firebase-functions {\"declared\":true,\"installed\":true,\"version\":\"3.11.0\",\"resolution\":\"C:\\\\Users\\\\being\\\\Desktop\\\\clone-master\\\\react-challenge-amazon-clone-master\\\\functions\\\\node_modules\\\\firebase-functions\\\\lib\\\\index.js\"}"}}
[debug] [2021-03-09T14:49:45.551Z] [runtime-status] [10696] Resolved module firebase-admin {"declared":true,"installed":true,"version":"9.5.0","resolution":"C:\\Users\\being\\Desktop\\clone-master\\react-challenge-amazon-clone-master\\functions\\node_modules\\firebase-admin\\lib\\index.js"} {"metadata":{"emulator":{"name":"functions"},"message":"[runtime-status] [10696] Resolved module firebase-admin {\"declared\":true,\"installed\":true,\"version\":\"9.5.0\",\"resolution\":\"C:\\\\Users\\\\being\\\\Desktop\\\\clone-master\\\\react-challenge-amazon-clone-master\\\\functions\\\\node_modules\\\\firebase-admin\\\\lib\\\\index.js\"}"}}
[debug] [2021-03-09T14:49:45.552Z] [runtime-status] [10696] Resolved module firebase-functions {"declared":true,"installed":true,"version":"3.11.0","resolution":"C:\\Users\\being\\Desktop\\clone-master\\react-challenge-amazon-clone-master\\functions\\node_modules\\firebase-functions\\lib\\index.js"} {"metadata":{"emulator":{"name":"functions"},"message":"[runtime-status] [10696] Resolved module firebase-functions {\"declared\":true,\"installed\":true,\"version\":\"3.11.0\",\"resolution\":\"C:\\\\Users\\\\being\\\\Desktop\\\\clone-master\\\\react-challenge-amazon-clone-master\\\\functions\\\\node_modules\\\\firebase-functions\\\\lib\\\\index.js\"}"}}
[debug] [2021-03-09T14:49:45.552Z] [runtime-status] [10696] firebase-admin has been stubbed. {"adminResolution":{"declared":true,"installed":true,"version":"9.5.0","resolution":"C:\\Users\\being\\Desktop\\clone-master\\react-challenge-amazon-clone-master\\functions\\node_modules\\firebase-admin\\lib\\index.js"}} {"metadata":{"emulator":{"name":"functions"},"message":"[runtime-status] [10696] firebase-admin has been stubbed. {\"adminResolution\":{\"declared\":true,\"installed\":true,\"version\":\"9.5.0\",\"resolution\":\"C:\\\\Users\\\\being\\\\Desktop\\\\clone-master\\\\react-challenge-amazon-clone-master\\\\functions\\\\node_modules\\\\firebase-admin\\\\lib\\\\index.js\"}}"}}
[warn] !  C:\Users\being\Desktop\clone-master\react-challenge-amazon-clone-master\functions\index.js:18
  const paymentIntent = await stripe.paymentIntent.create({
                        ^^^^^

SyntaxError: await is only valid in async function
    at wrapSafe (internal/modules/cjs/loader.js:979:16)
    at Module._compile (internal/modules/cjs/loader.js:1027:27)
    at Object.Module._extensions..js (internal/modules/cjs/loader.js:1092:10)
    at Module.load (internal/modules/cjs/loader.js:928:32)
    at Function.Module._load (internal/modules/cjs/loader.js:769:14)
    at Module.require (internal/modules/cjs/loader.js:952:19)
    at require (internal/modules/cjs/helpers.js:88:18)
    at initializeRuntime (C:\Users\being\AppData\Roaming\npm\node_modules\firebase-tools\lib\emulator\functionsEmulatorRuntime.js:678:29)
    at processTicksAndRejections (internal/process/task_queues.js:93:5)
    at async handleMessage (C:\Users\being\AppData\Roaming\npm\node_modules\firebase-tools\lib\emulator\functionsEmulatorRuntime.js:716:20) {"metadata":{"emulator":{"name":"functions"},"message":"C:\\Users\\being\\Desktop\\clone-master\\react-challenge-amazon-clone-master\\functions\\index.js:18\n  const paymentIntent = await stripe.paymentIntent.create({\n                        ^^^^^\n\nSyntaxError: await is only valid in async function\n    at wrapSafe (internal/modules/cjs/loader.js:979:16)\n    at Module._compile (internal/modules/cjs/loader.js:1027:27)\n    at Object.Module._extensions..js (internal/modules/cjs/loader.js:1092:10)\n    at Module.load (internal/modules/cjs/loader.js:928:32)\n    at Function.Module._load (internal/modules/cjs/loader.js:769:14)\n    at Module.require (internal/modules/cjs/loader.js:952:19)\n    at require (internal/modules/cjs/helpers.js:88:18)\n    at initializeRuntime (C:\\Users\\being\\AppData\\Roaming\\npm\\node_modules\\firebase-tools\\lib\\emulator\\functionsEmulatorRuntime.js:678:29)\n    at processTicksAndRejections (internal/process/task_queues.js:93:5)\n    at async handleMessage (C:\\Users\\being\\AppData\\Roaming\\npm\\node_modules\\firebase-tools\\lib\\emulator\\functionsEmulatorRuntime.js:716:20)"}}
[warn] !  We were unable to load your functions code. (see above) {"metadata":{"emulator":{"name":"functions"}}}
[debug] [2021-03-09T14:49:45.587Z] [worker-~diagnostic~-323b2cd5-4f33-4ceb-b76c-0fec35802322]: exited {"metadata":{"emulator":{"name":"functions"},"message":"[worker-~diagnostic~-323b2cd5-4f33-4ceb-b76c-0fec35802322]: exited"}}
[debug] [2021-03-09T14:49:45.587Z] [worker-~diagnostic~-323b2cd5-4f33-4ceb-b76c-0fec35802322]: FINISHED {"metadata":{"emulator":{"name":"functions"},"message":"[worker-~diagnostic~-323b2cd5-4f33-4ceb-b76c-0fec35802322]: FINISHED"}}
[debug] [2021-03-09T14:58:43.830Z] File C:\Users\being\Desktop\clone-master\react-challenge-amazon-clone-master\functions\index.js changed, reloading triggers {"metadata":{"emulator":{"name":"functions"},"message":"File C:\\Users\\being\\Desktop\\clone-master\\react-challenge-amazon-clone-master\\functions\\index.js changed, reloading triggers"}}
[debug] [2021-03-09T14:58:44.844Z] [worker-pool] Cleaned up workers for ~diagnostic~: 1 --> 0 {"metadata":{"emulator":{"name":"functions"},"message":"[worker-pool] Cleaned up workers for ~diagnostic~: 1 --> 0"}}
[debug] [2021-03-09T14:58:44.849Z] [worker-pool] addWorker(~diagnostic~) {"metadata":{"emulator":{"name":"functions"},"message":"[worker-pool] addWorker(~diagnostic~)"}}
[debug] [2021-03-09T14:58:44.849Z] [worker-pool] Adding worker with key ~diagnostic~, total=1 {"metadata":{"emulator":{"name":"functions"},"message":"[worker-pool] Adding worker with key ~diagnostic~, total=1"}}
[debug] [2021-03-09T14:58:44.849Z] [worker-pool] submitWork(triggerId=) {"metadata":{"emulator":{"name":"functions"},"message":"[worker-pool] submitWork(triggerId=)"}}
[debug] [2021-03-09T14:58:44.849Z] [worker-~diagnostic~-d57f84fe-229b-49fb-b932-38d329e6534f]: Assigning socketPath: \\?\pipe\C:\Users\being\Desktop\clone-master\react-challenge-amazon-clone-master\functions\2316 {"metadata":{"emulator":{"name":"functions"},"message":"[worker-~diagnostic~-d57f84fe-229b-49fb-b932-38d329e6534f]: Assigning socketPath: \\\\?\\pipe\\C:\\Users\\being\\Desktop\\clone-master\\react-challenge-amazon-clone-master\\functions\\2316"}}
[debug] [2021-03-09T14:58:44.849Z] [worker-~diagnostic~-d57f84fe-229b-49fb-b932-38d329e6534f]: BUSY {"metadata":{"emulator":{"name":"functions"},"message":"[worker-~diagnostic~-d57f84fe-229b-49fb-b932-38d329e6534f]: BUSY"}}
[debug] [2021-03-09T14:58:45.053Z] [runtime-status] [2316] Functions runtime initialized. {"cwd":"C:\\Users\\being\\Desktop\\clone-master\\react-challenge-amazon-clone-master\\functions","node_version":"14.16.0"} {"metadata":{"emulator":{"name":"functions"},"message":"[runtime-status] [2316] Functions runtime initialized. {\"cwd\":\"C:\\\\Users\\\\being\\\\Desktop\\\\clone-master\\\\react-challenge-amazon-clone-master\\\\functions\",\"node_version\":\"14.16.0\"}"}}
[debug] [2021-03-09T14:58:45.054Z] [runtime-status] [2316] Disabled runtime features: undefined {"metadata":{"emulator":{"name":"functions"},"message":"[runtime-status] [2316] Disabled runtime features: undefined"}}
[debug] [2021-03-09T14:58:45.057Z] [runtime-status] [2316] Resolved module firebase-admin {"declared":true,"installed":true,"version":"9.5.0","resolution":"C:\\Users\\being\\Desktop\\clone-master\\react-challenge-amazon-clone-master\\functions\\node_modules\\firebase-admin\\lib\\index.js"} {"metadata":{"emulator":{"name":"functions"},"message":"[runtime-status] [2316] Resolved module firebase-admin {\"declared\":true,\"installed\":true,\"version\":\"9.5.0\",\"resolution\":\"C:\\\\Users\\\\being\\\\Desktop\\\\clone-master\\\\react-challenge-amazon-clone-master\\\\functions\\\\node_modules\\\\firebase-admin\\\\lib\\\\index.js\"}"}}
[debug] [2021-03-09T14:58:45.059Z] [runtime-status] [2316] Resolved module firebase-functions {"declared":true,"installed":true,"version":"3.11.0","resolution":"C:\\Users\\being\\Desktop\\clone-master\\react-challenge-amazon-clone-master\\functions\\node_modules\\firebase-functions\\lib\\index.js"} {"metadata":{"emulator":{"name":"functions"},"message":"[runtime-status] [2316] Resolved module firebase-functions {\"declared\":true,\"installed\":true,\"version\":\"3.11.0\",\"resolution\":\"C:\\\\Users\\\\being\\\\Desktop\\\\clone-master\\\\react-challenge-amazon-clone-master\\\\functions\\\\node_modules\\\\firebase-functions\\\\lib\\\\index.js\"}"}}
[debug] [2021-03-09T14:58:45.061Z] [runtime-status] [2316] Resolved module firebase-functions {"declared":true,"installed":true,"version":"3.11.0","resolution":"C:\\Users\\being\\Desktop\\clone-master\\react-challenge-amazon-clone-master\\functions\\node_modules\\firebase-functions\\lib\\index.js"} {"metadata":{"emulator":{"name":"functions"},"message":"[runtime-status] [2316] Resolved module firebase-functions {\"declared\":true,\"installed\":true,\"version\":\"3.11.0\",\"resolution\":\"C:\\\\Users\\\\being\\\\Desktop\\\\clone-master\\\\react-challenge-amazon-clone-master\\\\functions\\\\node_modules\\\\firebase-functions\\\\lib\\\\index.js\"}"}}
[debug] [2021-03-09T14:58:45.063Z] [runtime-status] [2316] Outgoing network have been stubbed. [{"name":"http","status":"mocked"},{"name":"http","status":"mocked"},{"name":"https","status":"mocked"},{"name":"https","status":"mocked"},{"name":"net","status":"mocked"}] {"metadata":{"emulator":{"name":"functions"},"message":"[runtime-status] [2316] Outgoing network have been stubbed. [{\"name\":\"http\",\"status\":\"mocked\"},{\"name\":\"http\",\"status\":\"mocked\"},{\"name\":\"https\",\"status\":\"mocked\"},{\"name\":\"https\",\"status\":\"mocked\"},{\"name\":\"net\",\"status\":\"mocked\"}]"}}
[debug] [2021-03-09T14:58:45.063Z] [runtime-status] [2316] Resolved module firebase-functions {"declared":true,"installed":true,"version":"3.11.0","resolution":"C:\\Users\\being\\Desktop\\clone-master\\react-challenge-amazon-clone-master\\functions\\node_modules\\firebase-functions\\lib\\index.js"} {"metadata":{"emulator":{"name":"functions"},"message":"[runtime-status] [2316] Resolved module firebase-functions {\"declared\":true,\"installed\":true,\"version\":\"3.11.0\",\"resolution\":\"C:\\\\Users\\\\being\\\\Desktop\\\\clone-master\\\\react-challenge-amazon-clone-master\\\\functions\\\\node_modules\\\\firebase-functions\\\\lib\\\\index.js\"}"}}
[debug] [2021-03-09T14:58:45.109Z] [runtime-status] [2316] Checked functions.config() {"config":{}} {"metadata":{"emulator":{"name":"functions"},"message":"[runtime-status] [2316] Checked functions.config() {\"config\":{}}"}}
[debug] [2021-03-09T14:58:45.109Z] [runtime-status] [2316] firebase-functions has been stubbed. {"functionsResolution":{"declared":true,"installed":true,"version":"3.11.0","resolution":"C:\\Users\\being\\Desktop\\clone-master\\react-challenge-amazon-clone-master\\functions\\node_modules\\firebase-functions\\lib\\index.js"}} {"metadata":{"emulator":{"name":"functions"},"message":"[runtime-status] [2316] firebase-functions has been stubbed. {\"functionsResolution\":{\"declared\":true,\"installed\":true,\"version\":\"3.11.0\",\"resolution\":\"C:\\\\Users\\\\being\\\\Desktop\\\\clone-master\\\\react-challenge-amazon-clone-master\\\\functions\\\\node_modules\\\\firebase-functions\\\\lib\\\\index.js\"}}"}}
[debug] [2021-03-09T14:58:45.110Z] [runtime-status] [2316] Resolved module firebase-functions {"declared":true,"installed":true,"version":"3.11.0","resolution":"C:\\Users\\being\\Desktop\\clone-master\\react-challenge-amazon-clone-master\\functions\\node_modules\\firebase-functions\\lib\\index.js"} {"metadata":{"emulator":{"name":"functions"},"message":"[runtime-status] [2316] Resolved module firebase-functions {\"declared\":true,\"installed\":true,\"version\":\"3.11.0\",\"resolution\":\"C:\\\\Users\\\\being\\\\Desktop\\\\clone-master\\\\react-challenge-amazon-clone-master\\\\functions\\\\node_modules\\\\firebase-functions\\\\lib\\\\index.js\"}"}}
[debug] [2021-03-09T14:58:45.111Z] [runtime-status] [2316] Resolved module firebase-admin {"declared":true,"installed":true,"version":"9.5.0","resolution":"C:\\Users\\being\\Desktop\\clone-master\\react-challenge-amazon-clone-master\\functions\\node_modules\\firebase-admin\\lib\\index.js"} {"metadata":{"emulator":{"name":"functions"},"message":"[runtime-status] [2316] Resolved module firebase-admin {\"declared\":true,\"installed\":true,\"version\":\"9.5.0\",\"resolution\":\"C:\\\\Users\\\\being\\\\Desktop\\\\clone-master\\\\react-challenge-amazon-clone-master\\\\functions\\\\node_modules\\\\firebase-admin\\\\lib\\\\index.js\"}"}}
[debug] [2021-03-09T14:58:45.111Z] [runtime-status] [2316] Resolved module firebase-functions {"declared":true,"installed":true,"version":"3.11.0","resolution":"C:\\Users\\being\\Desktop\\clone-master\\react-challenge-amazon-clone-master\\functions\\node_modules\\firebase-functions\\lib\\index.js"} {"metadata":{"emulator":{"name":"functions"},"message":"[runtime-status] [2316] Resolved module firebase-functions {\"declared\":true,\"installed\":true,\"version\":\"3.11.0\",\"resolution\":\"C:\\\\Users\\\\being\\\\Desktop\\\\clone-master\\\\react-challenge-amazon-clone-master\\\\functions\\\\node_modules\\\\firebase-functions\\\\lib\\\\index.js\"}"}}
[debug] [2021-03-09T14:58:45.112Z] [runtime-status] [2316] firebase-admin has been stubbed. {"adminResolution":{"declared":true,"installed":true,"version":"9.5.0","resolution":"C:\\Users\\being\\Desktop\\clone-master\\react-challenge-amazon-clone-master\\functions\\node_modules\\firebase-admin\\lib\\index.js"}} {"metadata":{"emulator":{"name":"functions"},"message":"[runtime-status] [2316] firebase-admin has been stubbed. {\"adminResolution\":{\"declared\":true,\"installed\":true,\"version\":\"9.5.0\",\"resolution\":\"C:\\\\Users\\\\being\\\\Desktop\\\\clone-master\\\\react-challenge-amazon-clone-master\\\\functions\\\\node_modules\\\\firebase-admin\\\\lib\\\\index.js\"}}"}}
[warn] !  C:\Users\being\Desktop\clone-master\react-challenge-amazon-clone-master\functions\index.js:18
  const paymentIntent = await stripe.paymentIntent.create({
                        ^^^^^

SyntaxError: await is only valid in async function
    at wrapSafe (internal/modules/cjs/loader.js:979:16)
    at Module._compile (internal/modules/cjs/loader.js:1027:27)
    at Object.Module._extensions..js (internal/modules/cjs/loader.js:1092:10)
    at Module.load (internal/modules/cjs/loader.js:928:32)
    at Function.Module._load (internal/modules/cjs/loader.js:769:14)
    at Module.require (internal/modules/cjs/loader.js:952:19)
    at require (internal/modules/cjs/helpers.js:88:18)
    at initializeRuntime (C:\Users\being\AppData\Roaming\npm\node_modules\firebase-tools\lib\emulator\functionsEmulatorRuntime.js:678:29)
    at processTicksAndRejections (internal/process/task_queues.js:93:5)
    at async handleMessage (C:\Users\being\AppData\Roaming\npm\node_modules\firebase-tools\lib\emulator\functionsEmulatorRuntime.js:716:20) {"metadata":{"emulator":{"name":"functions"},"message":"C:\\Users\\being\\Desktop\\clone-master\\react-challenge-amazon-clone-master\\functions\\index.js:18\n  const paymentIntent = await stripe.paymentIntent.create({\n                        ^^^^^\n\nSyntaxError: await is only valid in async function\n    at wrapSafe (internal/modules/cjs/loader.js:979:16)\n    at Module._compile (internal/modules/cjs/loader.js:1027:27)\n    at Object.Module._extensions..js (internal/modules/cjs/loader.js:1092:10)\n    at Module.load (internal/modules/cjs/loader.js:928:32)\n    at Function.Module._load (internal/modules/cjs/loader.js:769:14)\n    at Module.require (internal/modules/cjs/loader.js:952:19)\n    at require (internal/modules/cjs/helpers.js:88:18)\n    at initializeRuntime (C:\\Users\\being\\AppData\\Roaming\\npm\\node_modules\\firebase-tools\\lib\\emulator\\functionsEmulatorRuntime.js:678:29)\n    at processTicksAndRejections (internal/process/task_queues.js:93:5)\n    at async handleMessage (C:\\Users\\being\\AppData\\Roaming\\npm\\node_modules\\firebase-tools\\lib\\emulator\\functionsEmulatorRuntime.js:716:20)"}}
[warn] !  We were unable to load your functions code. (see above) {"metadata":{"emulator":{"name":"functions"}}}
[debug] [2021-03-09T14:58:45.140Z] [worker-~diagnostic~-d57f84fe-229b-49fb-b932-38d329e6534f]: exited {"metadata":{"emulator":{"name":"functions"},"message":"[worker-~diagnostic~-d57f84fe-229b-49fb-b932-38d329e6534f]: exited"}}
[debug] [2021-03-09T14:58:45.141Z] [worker-~diagnostic~-d57f84fe-229b-49fb-b932-38d329e6534f]: FINISHED {"metadata":{"emulator":{"name":"functions"},"message":"[worker-~diagnostic~-d57f84fe-229b-49fb-b932-38d329e6534f]: FINISHED"}}
[debug] [2021-03-09T14:59:21.695Z] Received signal SIGHUP 1
