[debug] [2021-06-11T06:41:30.261Z] ----------------------------------------------------------------------
[debug] [2021-06-11T06:41:30.264Z] Command:       C:\Program Files\nodejs\node.exe C:\Users\being\AppData\Roaming\npm\node_modules\firebase-tools\lib\bin\firebase.js emulators:start
[debug] [2021-06-11T06:41:30.265Z] CLI Version:   9.10.0
[debug] [2021-06-11T06:41:30.265Z] Platform:      win32
[debug] [2021-06-11T06:41:30.265Z] Node Version:  v14.16.0
[debug] [2021-06-11T06:41:30.267Z] Time:          Fri Jun 11 2021 12:11:30 GMT+0530 (India Standard Time)
[debug] [2021-06-11T06:41:30.267Z] ----------------------------------------------------------------------
[debug] 
[debug] [2021-06-11T06:41:30.271Z] >>> [apiv2][query] GET https://firebase-public.firebaseio.com/cli.json [none]
[debug] [2021-06-11T06:41:30.314Z] > command requires scopes: ["email","openid","https://www.googleapis.com/auth/cloudplatformprojects.readonly","https://www.googleapis.com/auth/firebase","https://www.googleapis.com/auth/cloud-platform"]
[debug] [2021-06-11T06:41:30.315Z] > authorizing via signed-in user (amazonclone420@gmail.com)
[info] i  emulators: Starting emulators: functions, hosting {"metadata":{"emulator":{"name":"hub"},"message":"Starting emulators: functions, hosting"}}
[debug] [2021-06-11T06:41:30.373Z] [hub] writing locator at C:\Users\being\AppData\Local\Temp\hub-clone-b51f3.json
[warn] !  functions: The following emulators are not running, calls to these services from the Functions emulator will affect production: auth, firestore, database, pubsub {"metadata":{"emulator":{"name":"functions"},"message":"The following emulators are not running, calls to these services from the Functions emulator will affect production: \u001b[1mauth, firestore, database, pubsub\u001b[22m"}}
[warn] !  Your requested "node" version "12" doesn't match your global version "14" {"metadata":{"emulator":{"name":"functions"},"message":"Your requested \"node\" version \"12\" doesn't match your global version \"14\""}}
[debug] [2021-06-11T06:41:30.401Z] defaultcredentials: writing to file C:\Users\being\AppData\Roaming\firebase\amazonclone420_gmail_com_application_default_credentials.json
[debug] [2021-06-11T06:41:30.403Z] Setting GAC to C:\Users\being\AppData\Roaming\firebase\amazonclone420_gmail_com_application_default_credentials.json {"metadata":{"emulator":{"name":"functions"},"message":"Setting GAC to C:\\Users\\being\\AppData\\Roaming\\firebase\\amazonclone420_gmail_com_application_default_credentials.json"}}
[debug] [2021-06-11T06:41:30.405Z] > refreshing access token with scopes: []
[debug] [2021-06-11T06:41:30.405Z] >>> HTTP REQUEST POST https://www.googleapis.com/oauth2/v3/token  
 <request body omitted>
[debug] [2021-06-11T06:41:31.643Z] <<< [apiv2][status] GET https://firebase-public.firebaseio.com/cli.json 200
[debug] [2021-06-11T06:41:31.643Z] <<< [apiv2][body] GET https://firebase-public.firebaseio.com/cli.json {"cloudBuildErrorAfter":1594252800000,"cloudBuildWarnAfter":1590019200000,"defaultNode10After":1594252800000,"minVersion":"3.0.5","node8DeploysDisabledAfter":1613390400000,"node8RuntimeDisabledAfter":1615809600000,"node8WarnAfter":1600128000000}
[debug] [2021-06-11T06:41:31.987Z] <<< HTTP RESPONSE 200 {"date":"Fri, 11 Jun 2021 06:41:34 GMT","cache-control":"no-cache, no-store, max-age=0, must-revalidate","expires":"Mon, 01 Jan 1990 00:00:00 GMT","pragma":"no-cache","content-type":"application/json; charset=utf-8","vary":"X-Origin, Referer, Origin,Accept-Encoding","server":"scaffolding on HTTPServer2","x-xss-protection":"0","x-frame-options":"SAMEORIGIN","x-content-type-options":"nosniff","alt-svc":"h3=\":443\"; ma=2592000,h3-29=\":443\"; ma=2592000,h3-T051=\":443\"; ma=2592000,h3-Q050=\":443\"; ma=2592000,h3-Q046=\":443\"; ma=2592000,h3-Q043=\":443\"; ma=2592000,quic=\":443\"; ma=2592000; v=\"46,43\"","accept-ranges":"none","transfer-encoding":"chunked"}
[debug] [2021-06-11T06:41:31.999Z] >>> [apiv2][query] GET https://firebase.googleapis.com/v1beta1/projects/clone-b51f3/adminSdkConfig [none]
[debug] [2021-06-11T06:41:32.700Z] <<< [apiv2][status] GET https://firebase.googleapis.com/v1beta1/projects/clone-b51f3/adminSdkConfig 200
[debug] [2021-06-11T06:41:32.700Z] <<< [apiv2][body] GET https://firebase.googleapis.com/v1beta1/projects/clone-b51f3/adminSdkConfig {"projectId":"clone-b51f3","storageBucket":"clone-b51f3.appspot.com","locationId":"asia-southeast2"}
[debug] [2021-06-11T06:41:32.723Z] >>> [apiv2][query] GET https://firebase.googleapis.com/v1beta1/projects/clone-b51f3/webApps/-/config [none]
[debug] [2021-06-11T06:41:34.181Z] <<< [apiv2][status] GET https://firebase.googleapis.com/v1beta1/projects/clone-b51f3/webApps/-/config 200
[debug] [2021-06-11T06:41:34.182Z] <<< [apiv2][body] GET https://firebase.googleapis.com/v1beta1/projects/clone-b51f3/webApps/-/config {"projectId":"clone-b51f3","appId":"1:853706123511:web:b92f11a336c773b8154bf2","storageBucket":"clone-b51f3.appspot.com","locationId":"asia-southeast2","apiKey":"AIzaSyDLCBRy8BFx6naHRe8v-Lkow8WgchF5nFQ","authDomain":"clone-b51f3.firebaseapp.com","messagingSenderId":"853706123511","measurementId":"G-G3RZCWPEG7"}
[info] i  hosting: Serving hosting files from: build {"metadata":{"emulator":{"name":"hosting"},"message":"Serving hosting files from: \u001b[1mbuild\u001b[22m"}}
[info] +  hosting: Local server: http://localhost:5000 {"metadata":{"emulator":{"name":"hosting"},"message":"Local server: \u001b[4m\u001b[1mhttp://localhost:5000\u001b[22m\u001b[24m"}}
[debug] [2021-06-11T06:41:34.252Z] Ignoring unsupported arg: auto_download {"metadata":{"emulator":{"name":"ui"},"message":"Ignoring unsupported arg: auto_download"}}
[debug] [2021-06-11T06:41:34.253Z] Ignoring unsupported arg: port {"metadata":{"emulator":{"name":"ui"},"message":"Ignoring unsupported arg: port"}}
[debug] [2021-06-11T06:41:34.253Z] Starting Emulator UI with command {"binary":"node","args":["C:\\Users\\being\\.cache\\firebase\\emulators\\ui-v1.4.2\\server.bundle.js"],"optionalArgs":[],"joinArgs":false} {"metadata":{"emulator":{"name":"ui"},"message":"Starting Emulator UI with command {\"binary\":\"node\",\"args\":[\"C:\\\\Users\\\\being\\\\.cache\\\\firebase\\\\emulators\\\\ui-v1.4.2\\\\server.bundle.js\"],\"optionalArgs\":[],\"joinArgs\":false}"}}
[info] i  ui: Emulator UI logging to ui-debug.log {"metadata":{"emulator":{"name":"ui"},"message":"Emulator UI logging to \u001b[1mui-debug.log\u001b[22m"}}
[debug] [2021-06-11T06:41:34.436Z] Web / API server started at http://localhost:4000
 {"metadata":{"emulator":{"name":"ui"},"message":"Web / API server started at http://localhost:4000\n"}}
[info] i  functions: Watching "C:\Users\being\Desktop\clone-master\react-challenge-amazon-clone-master\functions" for Cloud Functions... {"metadata":{"emulator":{"name":"functions"},"message":"Watching \"C:\\Users\\being\\Desktop\\clone-master\\react-challenge-amazon-clone-master\\functions\" for Cloud Functions..."}}
[debug] [2021-06-11T06:41:34.558Z] [worker-pool] addWorker(~diagnostic~) {"metadata":{"emulator":{"name":"functions"},"message":"[worker-pool] addWorker(~diagnostic~)"}}
[debug] [2021-06-11T06:41:34.559Z] [worker-pool] Adding worker with key ~diagnostic~, total=1 {"metadata":{"emulator":{"name":"functions"},"message":"[worker-pool] Adding worker with key ~diagnostic~, total=1"}}
[debug] [2021-06-11T06:41:34.559Z] [worker-pool] submitWork(triggerId=) {"metadata":{"emulator":{"name":"functions"},"message":"[worker-pool] submitWork(triggerId=)"}}
[debug] [2021-06-11T06:41:34.559Z] [worker-~diagnostic~-03bb32e3-a4f6-4d41-8d54-9cbc290decb9]: Assigning socketPath: \\?\pipe\C:\Users\being\Desktop\clone-master\react-challenge-amazon-clone-master\functions\17320 {"metadata":{"emulator":{"name":"functions"},"message":"[worker-~diagnostic~-03bb32e3-a4f6-4d41-8d54-9cbc290decb9]: Assigning socketPath: \\\\?\\pipe\\C:\\Users\\being\\Desktop\\clone-master\\react-challenge-amazon-clone-master\\functions\\17320"}}
[debug] [2021-06-11T06:41:34.560Z] [worker-~diagnostic~-03bb32e3-a4f6-4d41-8d54-9cbc290decb9]: BUSY {"metadata":{"emulator":{"name":"functions"},"message":"[worker-~diagnostic~-03bb32e3-a4f6-4d41-8d54-9cbc290decb9]: BUSY"}}
[debug] [2021-06-11T06:41:34.955Z] [runtime-status] [17320] Functions runtime initialized. {"cwd":"C:\\Users\\being\\Desktop\\clone-master\\react-challenge-amazon-clone-master\\functions","node_version":"14.16.0"} {"metadata":{"emulator":{"name":"functions"},"message":"[runtime-status] [17320] Functions runtime initialized. {\"cwd\":\"C:\\\\Users\\\\being\\\\Desktop\\\\clone-master\\\\react-challenge-amazon-clone-master\\\\functions\",\"node_version\":\"14.16.0\"}"}}
[debug] [2021-06-11T06:41:34.956Z] [runtime-status] [17320] Disabled runtime features: undefined {"metadata":{"emulator":{"name":"functions"},"message":"[runtime-status] [17320] Disabled runtime features: undefined"}}
[debug] [2021-06-11T06:41:34.964Z] [runtime-status] [17320] Resolved module firebase-admin {"declared":true,"installed":true,"version":"9.5.0","resolution":"C:\\Users\\being\\Desktop\\clone-master\\react-challenge-amazon-clone-master\\functions\\node_modules\\firebase-admin\\lib\\index.js"} {"metadata":{"emulator":{"name":"functions"},"message":"[runtime-status] [17320] Resolved module firebase-admin {\"declared\":true,\"installed\":true,\"version\":\"9.5.0\",\"resolution\":\"C:\\\\Users\\\\being\\\\Desktop\\\\clone-master\\\\react-challenge-amazon-clone-master\\\\functions\\\\node_modules\\\\firebase-admin\\\\lib\\\\index.js\"}"}}
[debug] [2021-06-11T06:41:34.968Z] [runtime-status] [17320] Resolved module firebase-functions {"declared":true,"installed":true,"version":"3.11.0","resolution":"C:\\Users\\being\\Desktop\\clone-master\\react-challenge-amazon-clone-master\\functions\\node_modules\\firebase-functions\\lib\\index.js"} {"metadata":{"emulator":{"name":"functions"},"message":"[runtime-status] [17320] Resolved module firebase-functions {\"declared\":true,\"installed\":true,\"version\":\"3.11.0\",\"resolution\":\"C:\\\\Users\\\\being\\\\Desktop\\\\clone-master\\\\react-challenge-amazon-clone-master\\\\functions\\\\node_modules\\\\firebase-functions\\\\lib\\\\index.js\"}"}}
[debug] [2021-06-11T06:41:34.970Z] [runtime-status] [17320] Resolved module firebase-functions {"declared":true,"installed":true,"version":"3.11.0","resolution":"C:\\Users\\being\\Desktop\\clone-master\\react-challenge-amazon-clone-master\\functions\\node_modules\\firebase-functions\\lib\\index.js"} {"metadata":{"emulator":{"name":"functions"},"message":"[runtime-status] [17320] Resolved module firebase-functions {\"declared\":true,\"installed\":true,\"version\":\"3.11.0\",\"resolution\":\"C:\\\\Users\\\\being\\\\Desktop\\\\clone-master\\\\react-challenge-amazon-clone-master\\\\functions\\\\node_modules\\\\firebase-functions\\\\lib\\\\index.js\"}"}}
[debug] [2021-06-11T06:41:34.973Z] [runtime-status] [17320] Outgoing network have been stubbed. [{"name":"http","status":"mocked"},{"name":"http","status":"mocked"},{"name":"https","status":"mocked"},{"name":"https","status":"mocked"},{"name":"net","status":"mocked"}] {"metadata":{"emulator":{"name":"functions"},"message":"[runtime-status] [17320] Outgoing network have been stubbed. [{\"name\":\"http\",\"status\":\"mocked\"},{\"name\":\"http\",\"status\":\"mocked\"},{\"name\":\"https\",\"status\":\"mocked\"},{\"name\":\"https\",\"status\":\"mocked\"},{\"name\":\"net\",\"status\":\"mocked\"}]"}}
[debug] [2021-06-11T06:41:34.974Z] [runtime-status] [17320] Resolved module firebase-functions {"declared":true,"installed":true,"version":"3.11.0","resolution":"C:\\Users\\being\\Desktop\\clone-master\\react-challenge-amazon-clone-master\\functions\\node_modules\\firebase-functions\\lib\\index.js"} {"metadata":{"emulator":{"name":"functions"},"message":"[runtime-status] [17320] Resolved module firebase-functions {\"declared\":true,\"installed\":true,\"version\":\"3.11.0\",\"resolution\":\"C:\\\\Users\\\\being\\\\Desktop\\\\clone-master\\\\react-challenge-amazon-clone-master\\\\functions\\\\node_modules\\\\firebase-functions\\\\lib\\\\index.js\"}"}}
[debug] [2021-06-11T06:41:35.090Z] [runtime-status] [17320] Checked functions.config() {"config":{}} {"metadata":{"emulator":{"name":"functions"},"message":"[runtime-status] [17320] Checked functions.config() {\"config\":{}}"}}
[debug] [2021-06-11T06:41:35.090Z] [runtime-status] [17320] firebase-functions has been stubbed. {"functionsResolution":{"declared":true,"installed":true,"version":"3.11.0","resolution":"C:\\Users\\being\\Desktop\\clone-master\\react-challenge-amazon-clone-master\\functions\\node_modules\\firebase-functions\\lib\\index.js"}} {"metadata":{"emulator":{"name":"functions"},"message":"[runtime-status] [17320] firebase-functions has been stubbed. {\"functionsResolution\":{\"declared\":true,\"installed\":true,\"version\":\"3.11.0\",\"resolution\":\"C:\\\\Users\\\\being\\\\Desktop\\\\clone-master\\\\react-challenge-amazon-clone-master\\\\functions\\\\node_modules\\\\firebase-functions\\\\lib\\\\index.js\"}}"}}
[debug] [2021-06-11T06:41:35.091Z] [runtime-status] [17320] Resolved module firebase-functions {"declared":true,"installed":true,"version":"3.11.0","resolution":"C:\\Users\\being\\Desktop\\clone-master\\react-challenge-amazon-clone-master\\functions\\node_modules\\firebase-functions\\lib\\index.js"} {"metadata":{"emulator":{"name":"functions"},"message":"[runtime-status] [17320] Resolved module firebase-functions {\"declared\":true,\"installed\":true,\"version\":\"3.11.0\",\"resolution\":\"C:\\\\Users\\\\being\\\\Desktop\\\\clone-master\\\\react-challenge-amazon-clone-master\\\\functions\\\\node_modules\\\\firebase-functions\\\\lib\\\\index.js\"}"}}
[debug] [2021-06-11T06:41:35.093Z] [runtime-status] [17320] Resolved module firebase-admin {"declared":true,"installed":true,"version":"9.5.0","resolution":"C:\\Users\\being\\Desktop\\clone-master\\react-challenge-amazon-clone-master\\functions\\node_modules\\firebase-admin\\lib\\index.js"} {"metadata":{"emulator":{"name":"functions"},"message":"[runtime-status] [17320] Resolved module firebase-admin {\"declared\":true,\"installed\":true,\"version\":\"9.5.0\",\"resolution\":\"C:\\\\Users\\\\being\\\\Desktop\\\\clone-master\\\\react-challenge-amazon-clone-master\\\\functions\\\\node_modules\\\\firebase-admin\\\\lib\\\\index.js\"}"}}
[debug] [2021-06-11T06:41:35.093Z] [runtime-status] [17320] Resolved module firebase-functions {"declared":true,"installed":true,"version":"3.11.0","resolution":"C:\\Users\\being\\Desktop\\clone-master\\react-challenge-amazon-clone-master\\functions\\node_modules\\firebase-functions\\lib\\index.js"} {"metadata":{"emulator":{"name":"functions"},"message":"[runtime-status] [17320] Resolved module firebase-functions {\"declared\":true,\"installed\":true,\"version\":\"3.11.0\",\"resolution\":\"C:\\\\Users\\\\being\\\\Desktop\\\\clone-master\\\\react-challenge-amazon-clone-master\\\\functions\\\\node_modules\\\\firebase-functions\\\\lib\\\\index.js\"}"}}
[debug] [2021-06-11T06:41:35.094Z] [runtime-status] [17320] firebase-admin has been stubbed. {"adminResolution":{"declared":true,"installed":true,"version":"9.5.0","resolution":"C:\\Users\\being\\Desktop\\clone-master\\react-challenge-amazon-clone-master\\functions\\node_modules\\firebase-admin\\lib\\index.js"}} {"metadata":{"emulator":{"name":"functions"},"message":"[runtime-status] [17320] firebase-admin has been stubbed. {\"adminResolution\":{\"declared\":true,\"installed\":true,\"version\":\"9.5.0\",\"resolution\":\"C:\\\\Users\\\\being\\\\Desktop\\\\clone-master\\\\react-challenge-amazon-clone-master\\\\functions\\\\node_modules\\\\firebase-admin\\\\lib\\\\index.js\"}}"}}
[info] +  functions[api]: http function initialized (http://localhost:5001/clone-b51f3/us-central1/api). {"metadata":{"emulator":{"name":"functions"},"message":"\u001b[1mhttp\u001b[22m function initialized (http://localhost:5001/clone-b51f3/us-central1/api)."}}
[info] 
┌─────────────────────────────────────────────────────────────┐
│ ✔  All emulators ready! It is now safe to connect your app. │
│ i  View Emulator UI at http://localhost:4000                │
└─────────────────────────────────────────────────────────────┘

┌───────────┬────────────────┬─────────────────────────────────┐
│ Emulator  │ Host:Port      │ View in Emulator UI             │
├───────────┼────────────────┼─────────────────────────────────┤
│ Functions │ localhost:5001 │ http://localhost:4000/functions │
├───────────┼────────────────┼─────────────────────────────────┤
│ Hosting   │ localhost:5000 │ n/a                             │
└───────────┴────────────────┴─────────────────────────────────┘
  Emulator Hub running at localhost:4400
  Other reserved ports: 4500

Issues? Report them at https://github.com/firebase/firebase-tools/issues and attach the *-debug.log files.
 
[debug] [2021-06-11T06:41:35.557Z] [worker-~diagnostic~-03bb32e3-a4f6-4d41-8d54-9cbc290decb9]: IDLE {"metadata":{"emulator":{"name":"functions"},"message":"[worker-~diagnostic~-03bb32e3-a4f6-4d41-8d54-9cbc290decb9]: IDLE"}}
[debug] [2021-06-11T06:44:29.484Z] [work-queue] {"queueLength":1,"workRunningCount":0}
[debug] [2021-06-11T06:44:29.485Z] [work-queue] {"queueLength":0,"workRunningCount":1}
[debug] [2021-06-11T06:44:29.487Z] Accepted request POST /clone-b51f3/us-central1/api/payments/create?total=51200 --> api
[debug] [2021-06-11T06:44:29.502Z] [worker-pool] addWorker(api) {"metadata":{"emulator":{"name":"functions"},"message":"[worker-pool] addWorker(api)"}}
[debug] [2021-06-11T06:44:29.503Z] [worker-pool] Adding worker with key api, total=1 {"metadata":{"emulator":{"name":"functions"},"message":"[worker-pool] Adding worker with key api, total=1"}}
[debug] [2021-06-11T06:44:29.504Z] [worker-pool] submitWork(triggerId=api) {"metadata":{"emulator":{"name":"functions"},"message":"[worker-pool] submitWork(triggerId=api)"}}
[debug] [2021-06-11T06:44:29.504Z] [worker-api-e0b05f49-dc04-4637-9788-24057848e386]: Assigning socketPath: \\?\pipe\C:\Users\being\Desktop\clone-master\react-challenge-amazon-clone-master\functions\21220 {"metadata":{"emulator":{"name":"functions"},"message":"[worker-api-e0b05f49-dc04-4637-9788-24057848e386]: Assigning socketPath: \\\\?\\pipe\\C:\\Users\\being\\Desktop\\clone-master\\react-challenge-amazon-clone-master\\functions\\21220"}}
[debug] [2021-06-11T06:44:29.504Z] [worker-api-e0b05f49-dc04-4637-9788-24057848e386]: BUSY {"metadata":{"emulator":{"name":"functions"},"message":"[worker-api-e0b05f49-dc04-4637-9788-24057848e386]: BUSY"}}
[debug] [2021-06-11T06:44:30.046Z] [runtime-status] [21220] Functions runtime initialized. {"cwd":"C:\\Users\\being\\Desktop\\clone-master\\react-challenge-amazon-clone-master\\functions","node_version":"14.16.0"} {"metadata":{"emulator":{"name":"functions"},"function":{"name":"api"},"message":"[runtime-status] [21220] Functions runtime initialized. {\"cwd\":\"C:\\\\Users\\\\being\\\\Desktop\\\\clone-master\\\\react-challenge-amazon-clone-master\\\\functions\",\"node_version\":\"14.16.0\"}"}}
[debug] [2021-06-11T06:44:30.048Z] [runtime-status] [21220] Disabled runtime features: undefined {"metadata":{"emulator":{"name":"functions"},"function":{"name":"api"},"message":"[runtime-status] [21220] Disabled runtime features: undefined"}}
[debug] [2021-06-11T06:44:30.054Z] [runtime-status] [21220] Resolved module firebase-admin {"declared":true,"installed":true,"version":"9.5.0","resolution":"C:\\Users\\being\\Desktop\\clone-master\\react-challenge-amazon-clone-master\\functions\\node_modules\\firebase-admin\\lib\\index.js"} {"metadata":{"emulator":{"name":"functions"},"function":{"name":"api"},"message":"[runtime-status] [21220] Resolved module firebase-admin {\"declared\":true,\"installed\":true,\"version\":\"9.5.0\",\"resolution\":\"C:\\\\Users\\\\being\\\\Desktop\\\\clone-master\\\\react-challenge-amazon-clone-master\\\\functions\\\\node_modules\\\\firebase-admin\\\\lib\\\\index.js\"}"}}
[debug] [2021-06-11T06:44:30.056Z] [runtime-status] [21220] Resolved module firebase-functions {"declared":true,"installed":true,"version":"3.11.0","resolution":"C:\\Users\\being\\Desktop\\clone-master\\react-challenge-amazon-clone-master\\functions\\node_modules\\firebase-functions\\lib\\index.js"} {"metadata":{"emulator":{"name":"functions"},"function":{"name":"api"},"message":"[runtime-status] [21220] Resolved module firebase-functions {\"declared\":true,\"installed\":true,\"version\":\"3.11.0\",\"resolution\":\"C:\\\\Users\\\\being\\\\Desktop\\\\clone-master\\\\react-challenge-amazon-clone-master\\\\functions\\\\node_modules\\\\firebase-functions\\\\lib\\\\index.js\"}"}}
[debug] [2021-06-11T06:44:30.061Z] [runtime-status] [21220] Resolved module firebase-functions {"declared":true,"installed":true,"version":"3.11.0","resolution":"C:\\Users\\being\\Desktop\\clone-master\\react-challenge-amazon-clone-master\\functions\\node_modules\\firebase-functions\\lib\\index.js"} {"metadata":{"emulator":{"name":"functions"},"function":{"name":"api"},"message":"[runtime-status] [21220] Resolved module firebase-functions {\"declared\":true,\"installed\":true,\"version\":\"3.11.0\",\"resolution\":\"C:\\\\Users\\\\being\\\\Desktop\\\\clone-master\\\\react-challenge-amazon-clone-master\\\\functions\\\\node_modules\\\\firebase-functions\\\\lib\\\\index.js\"}"}}
[debug] [2021-06-11T06:44:30.066Z] [runtime-status] [21220] Outgoing network have been stubbed. [{"name":"http","status":"mocked"},{"name":"http","status":"mocked"},{"name":"https","status":"mocked"},{"name":"https","status":"mocked"},{"name":"net","status":"mocked"}] {"metadata":{"emulator":{"name":"functions"},"function":{"name":"api"},"message":"[runtime-status] [21220] Outgoing network have been stubbed. [{\"name\":\"http\",\"status\":\"mocked\"},{\"name\":\"http\",\"status\":\"mocked\"},{\"name\":\"https\",\"status\":\"mocked\"},{\"name\":\"https\",\"status\":\"mocked\"},{\"name\":\"net\",\"status\":\"mocked\"}]"}}
[debug] [2021-06-11T06:44:30.068Z] [runtime-status] [21220] Resolved module firebase-functions {"declared":true,"installed":true,"version":"3.11.0","resolution":"C:\\Users\\being\\Desktop\\clone-master\\react-challenge-amazon-clone-master\\functions\\node_modules\\firebase-functions\\lib\\index.js"} {"metadata":{"emulator":{"name":"functions"},"function":{"name":"api"},"message":"[runtime-status] [21220] Resolved module firebase-functions {\"declared\":true,\"installed\":true,\"version\":\"3.11.0\",\"resolution\":\"C:\\\\Users\\\\being\\\\Desktop\\\\clone-master\\\\react-challenge-amazon-clone-master\\\\functions\\\\node_modules\\\\firebase-functions\\\\lib\\\\index.js\"}"}}
[debug] [2021-06-11T06:44:30.153Z] [runtime-status] [21220] Checked functions.config() {"config":{}} {"metadata":{"emulator":{"name":"functions"},"function":{"name":"api"},"message":"[runtime-status] [21220] Checked functions.config() {\"config\":{}}"}}
[debug] [2021-06-11T06:44:30.153Z] [runtime-status] [21220] firebase-functions has been stubbed. {"functionsResolution":{"declared":true,"installed":true,"version":"3.11.0","resolution":"C:\\Users\\being\\Desktop\\clone-master\\react-challenge-amazon-clone-master\\functions\\node_modules\\firebase-functions\\lib\\index.js"}} {"metadata":{"emulator":{"name":"functions"},"function":{"name":"api"},"message":"[runtime-status] [21220] firebase-functions has been stubbed. {\"functionsResolution\":{\"declared\":true,\"installed\":true,\"version\":\"3.11.0\",\"resolution\":\"C:\\\\Users\\\\being\\\\Desktop\\\\clone-master\\\\react-challenge-amazon-clone-master\\\\functions\\\\node_modules\\\\firebase-functions\\\\lib\\\\index.js\"}}"}}
[debug] [2021-06-11T06:44:30.154Z] [runtime-status] [21220] Resolved module firebase-functions {"declared":true,"installed":true,"version":"3.11.0","resolution":"C:\\Users\\being\\Desktop\\clone-master\\react-challenge-amazon-clone-master\\functions\\node_modules\\firebase-functions\\lib\\index.js"} {"metadata":{"emulator":{"name":"functions"},"function":{"name":"api"},"message":"[runtime-status] [21220] Resolved module firebase-functions {\"declared\":true,\"installed\":true,\"version\":\"3.11.0\",\"resolution\":\"C:\\\\Users\\\\being\\\\Desktop\\\\clone-master\\\\react-challenge-amazon-clone-master\\\\functions\\\\node_modules\\\\firebase-functions\\\\lib\\\\index.js\"}"}}
[debug] [2021-06-11T06:44:30.157Z] [runtime-status] [21220] Resolved module firebase-admin {"declared":true,"installed":true,"version":"9.5.0","resolution":"C:\\Users\\being\\Desktop\\clone-master\\react-challenge-amazon-clone-master\\functions\\node_modules\\firebase-admin\\lib\\index.js"} {"metadata":{"emulator":{"name":"functions"},"function":{"name":"api"},"message":"[runtime-status] [21220] Resolved module firebase-admin {\"declared\":true,\"installed\":true,\"version\":\"9.5.0\",\"resolution\":\"C:\\\\Users\\\\being\\\\Desktop\\\\clone-master\\\\react-challenge-amazon-clone-master\\\\functions\\\\node_modules\\\\firebase-admin\\\\lib\\\\index.js\"}"}}
[debug] [2021-06-11T06:44:30.158Z] [runtime-status] [21220] Resolved module firebase-functions {"declared":true,"installed":true,"version":"3.11.0","resolution":"C:\\Users\\being\\Desktop\\clone-master\\react-challenge-amazon-clone-master\\functions\\node_modules\\firebase-functions\\lib\\index.js"} {"metadata":{"emulator":{"name":"functions"},"function":{"name":"api"},"message":"[runtime-status] [21220] Resolved module firebase-functions {\"declared\":true,\"installed\":true,\"version\":\"3.11.0\",\"resolution\":\"C:\\\\Users\\\\being\\\\Desktop\\\\clone-master\\\\react-challenge-amazon-clone-master\\\\functions\\\\node_modules\\\\firebase-functions\\\\lib\\\\index.js\"}"}}
[debug] [2021-06-11T06:44:30.158Z] [runtime-status] [21220] firebase-admin has been stubbed. {"adminResolution":{"declared":true,"installed":true,"version":"9.5.0","resolution":"C:\\Users\\being\\Desktop\\clone-master\\react-challenge-amazon-clone-master\\functions\\node_modules\\firebase-admin\\lib\\index.js"}} {"metadata":{"emulator":{"name":"functions"},"function":{"name":"api"},"message":"[runtime-status] [21220] firebase-admin has been stubbed. {\"adminResolution\":{\"declared\":true,\"installed\":true,\"version\":\"9.5.0\",\"resolution\":\"C:\\\\Users\\\\being\\\\Desktop\\\\clone-master\\\\react-challenge-amazon-clone-master\\\\functions\\\\node_modules\\\\firebase-admin\\\\lib\\\\index.js\"}}"}}
[debug] [2021-06-11T06:44:30.636Z] [runtime-status] [21220] Trigger "api" has been found, beginning invocation! {"metadata":{"emulator":{"name":"functions"},"function":{"name":"api"},"message":"[runtime-status] [21220] Trigger \"api\" has been found, beginning invocation!"}}
[info] i  functions: Beginning execution of "api" {"metadata":{"emulator":{"name":"functions"},"function":{"name":"api"},"message":"Beginning execution of \"api\""}}
[debug] [2021-06-11T06:44:30.638Z] [runtime-status] [21220] triggerDefinition {"httpsTrigger":{},"name":"api","entryPoint":"api"} {"metadata":{"emulator":{"name":"functions"},"function":{"name":"api"},"message":"[runtime-status] [21220] triggerDefinition {\"httpsTrigger\":{},\"name\":\"api\",\"entryPoint\":\"api\"}"}}
[debug] [2021-06-11T06:44:30.639Z] [runtime-status] [21220] Running api in mode HTTPS {"metadata":{"emulator":{"name":"functions"},"function":{"name":"api"},"message":"[runtime-status] [21220] Running api in mode HTTPS"}}
[debug] [2021-06-11T06:44:30.648Z] [runtime-status] [21220] Attempting to listen to socketPath: \\?\pipe\C:\Users\being\Desktop\clone-master\react-challenge-amazon-clone-master\functions\21220 {"metadata":{"emulator":{"name":"functions"},"function":{"name":"api"},"message":"[runtime-status] [21220] Attempting to listen to socketPath: \\\\?\\pipe\\C:\\Users\\being\\Desktop\\clone-master\\react-challenge-amazon-clone-master\\functions\\21220"}}
[debug] [2021-06-11T06:44:30.655Z] [functions] Runtime ready! Sending request! {"metadata":{"emulator":{"name":"functions"},"message":"[functions] Runtime ready! Sending request!"}}
[debug] [2021-06-11T06:44:30.658Z] [functions] Got req.url=/clone-b51f3/us-central1/api/payments/create?total=51200, mapping to path=/payments/create?total=51200 {"metadata":{"emulator":{"name":"functions"},"message":"[functions] Got req.url=/clone-b51f3/us-central1/api/payments/create?total=51200, mapping to path=/payments/create?total=51200"}}
[debug] [2021-06-11T06:44:30.675Z] [runtime-status] [21220] Ephemeral server handling POST request {"metadata":{"emulator":{"name":"functions"},"function":{"name":"api"},"message":"[runtime-status] [21220] Ephemeral server handling POST request"}}
[info] >  Payment Request Recieved BOOM!!! for this amount >>>  51200 {"user":"Payment Request Recieved BOOM!!! for this amount >>>  51200","metadata":{"emulator":{"name":"functions"},"function":{"name":"api"},"message":"\u001b[90m> \u001b[39m Payment Request Recieved BOOM!!! for this amount >>>  51200"}}
[debug] [2021-06-11T06:44:30.694Z] [runtime-status] [21220] Ephemeral server survived. {"metadata":{"emulator":{"name":"functions"},"function":{"name":"api"},"message":"[runtime-status] [21220] Ephemeral server survived."}}
[info] i  functions: Finished "api" in ~21s {"metadata":{"emulator":{"name":"functions"},"function":{"name":"api"},"message":"Finished \"api\" in ~21s"}}
[debug] [2021-06-11T06:44:51.900Z] [worker-api-e0b05f49-dc04-4637-9788-24057848e386]: IDLE {"metadata":{"emulator":{"name":"functions"},"message":"[worker-api-e0b05f49-dc04-4637-9788-24057848e386]: IDLE"}}
[debug] [2021-06-11T06:44:51.901Z] [work-queue] {"queueLength":0,"workRunningCount":0}
[debug] [2021-06-11T06:47:05.535Z] [work-queue] {"queueLength":1,"workRunningCount":0}
[debug] [2021-06-11T06:47:05.535Z] [work-queue] {"queueLength":0,"workRunningCount":1}
[debug] [2021-06-11T06:47:05.536Z] Accepted request POST /clone-b51f3/us-central1/api/payments/create?total=51200 --> api
[debug] [2021-06-11T06:47:05.536Z] [worker-pool] submitWork(triggerId=api) {"metadata":{"emulator":{"name":"functions"},"message":"[worker-pool] submitWork(triggerId=api)"}}
[debug] [2021-06-11T06:47:05.536Z] [worker-api-e0b05f49-dc04-4637-9788-24057848e386]: Assigning socketPath: \\?\pipe\C:\Users\being\Desktop\clone-master\react-challenge-amazon-clone-master\functions\21220 {"metadata":{"emulator":{"name":"functions"},"message":"[worker-api-e0b05f49-dc04-4637-9788-24057848e386]: Assigning socketPath: \\\\?\\pipe\\C:\\Users\\being\\Desktop\\clone-master\\react-challenge-amazon-clone-master\\functions\\21220"}}
[debug] [2021-06-11T06:47:05.536Z] [worker-api-e0b05f49-dc04-4637-9788-24057848e386]: BUSY {"metadata":{"emulator":{"name":"functions"},"message":"[worker-api-e0b05f49-dc04-4637-9788-24057848e386]: BUSY"}}
[debug] [2021-06-11T06:47:05.538Z] [runtime-status] [21220] Trigger "api" has been found, beginning invocation! {"metadata":{"emulator":{"name":"functions"},"function":{"name":"api"},"message":"[runtime-status] [21220] Trigger \"api\" has been found, beginning invocation!"}}
[info] i  functions: Beginning execution of "api" {"metadata":{"emulator":{"name":"functions"},"function":{"name":"api"},"message":"Beginning execution of \"api\""}}
[debug] [2021-06-11T06:47:05.540Z] [runtime-status] [21220] triggerDefinition {"httpsTrigger":{},"name":"api","entryPoint":"api"} {"metadata":{"emulator":{"name":"functions"},"function":{"name":"api"},"message":"[runtime-status] [21220] triggerDefinition {\"httpsTrigger\":{},\"name\":\"api\",\"entryPoint\":\"api\"}"}}
[debug] [2021-06-11T06:47:05.543Z] [runtime-status] [21220] Running api in mode HTTPS {"metadata":{"emulator":{"name":"functions"},"function":{"name":"api"},"message":"[runtime-status] [21220] Running api in mode HTTPS"}}
[debug] [2021-06-11T06:47:05.543Z] [runtime-status] [21220] Attempting to listen to socketPath: \\?\pipe\C:\Users\being\Desktop\clone-master\react-challenge-amazon-clone-master\functions\21220 {"metadata":{"emulator":{"name":"functions"},"function":{"name":"api"},"message":"[runtime-status] [21220] Attempting to listen to socketPath: \\\\?\\pipe\\C:\\Users\\being\\Desktop\\clone-master\\react-challenge-amazon-clone-master\\functions\\21220"}}
[debug] [2021-06-11T06:47:05.546Z] [functions] Runtime ready! Sending request! {"metadata":{"emulator":{"name":"functions"},"message":"[functions] Runtime ready! Sending request!"}}
[debug] [2021-06-11T06:47:05.547Z] [functions] Got req.url=/clone-b51f3/us-central1/api/payments/create?total=51200, mapping to path=/payments/create?total=51200 {"metadata":{"emulator":{"name":"functions"},"message":"[functions] Got req.url=/clone-b51f3/us-central1/api/payments/create?total=51200, mapping to path=/payments/create?total=51200"}}
[debug] [2021-06-11T06:47:05.552Z] [runtime-status] [21220] Ephemeral server handling POST request {"metadata":{"emulator":{"name":"functions"},"function":{"name":"api"},"message":"[runtime-status] [21220] Ephemeral server handling POST request"}}
[info] >  Payment Request Recieved BOOM!!! for this amount >>>  51200 {"user":"Payment Request Recieved BOOM!!! for this amount >>>  51200","metadata":{"emulator":{"name":"functions"},"function":{"name":"api"},"message":"\u001b[90m> \u001b[39m Payment Request Recieved BOOM!!! for this amount >>>  51200"}}
[debug] [2021-06-11T06:47:05.556Z] [runtime-status] [21220] Ephemeral server survived. {"metadata":{"emulator":{"name":"functions"},"function":{"name":"api"},"message":"[runtime-status] [21220] Ephemeral server survived."}}
[info] i  functions: Finished "api" in ~3s {"metadata":{"emulator":{"name":"functions"},"function":{"name":"api"},"message":"Finished \"api\" in ~3s"}}
[debug] [2021-06-11T06:47:09.312Z] [worker-api-e0b05f49-dc04-4637-9788-24057848e386]: IDLE {"metadata":{"emulator":{"name":"functions"},"message":"[worker-api-e0b05f49-dc04-4637-9788-24057848e386]: IDLE"}}
[debug] [2021-06-11T06:47:09.313Z] [work-queue] {"queueLength":0,"workRunningCount":0}
[debug] [2021-06-11T06:52:20.061Z] [work-queue] {"queueLength":1,"workRunningCount":0}
[debug] [2021-06-11T06:52:20.061Z] [work-queue] {"queueLength":0,"workRunningCount":1}
[debug] [2021-06-11T06:52:20.061Z] Accepted request POST /clone-b51f3/us-central1/api/payments/create?total=0 --> api
[debug] [2021-06-11T06:52:20.062Z] [worker-pool] submitWork(triggerId=api) {"metadata":{"emulator":{"name":"functions"},"message":"[worker-pool] submitWork(triggerId=api)"}}
[debug] [2021-06-11T06:52:20.062Z] [worker-api-e0b05f49-dc04-4637-9788-24057848e386]: Assigning socketPath: \\?\pipe\C:\Users\being\Desktop\clone-master\react-challenge-amazon-clone-master\functions\21220 {"metadata":{"emulator":{"name":"functions"},"message":"[worker-api-e0b05f49-dc04-4637-9788-24057848e386]: Assigning socketPath: \\\\?\\pipe\\C:\\Users\\being\\Desktop\\clone-master\\react-challenge-amazon-clone-master\\functions\\21220"}}
[debug] [2021-06-11T06:52:20.062Z] [worker-api-e0b05f49-dc04-4637-9788-24057848e386]: BUSY {"metadata":{"emulator":{"name":"functions"},"message":"[worker-api-e0b05f49-dc04-4637-9788-24057848e386]: BUSY"}}
[debug] [2021-06-11T06:52:20.062Z] [runtime-status] [21220] Trigger "api" has been found, beginning invocation! {"metadata":{"emulator":{"name":"functions"},"function":{"name":"api"},"message":"[runtime-status] [21220] Trigger \"api\" has been found, beginning invocation!"}}
[info] i  functions: Beginning execution of "api" {"metadata":{"emulator":{"name":"functions"},"function":{"name":"api"},"message":"Beginning execution of \"api\""}}
[debug] [2021-06-11T06:52:20.063Z] [runtime-status] [21220] triggerDefinition {"httpsTrigger":{},"name":"api","entryPoint":"api"} {"metadata":{"emulator":{"name":"functions"},"function":{"name":"api"},"message":"[runtime-status] [21220] triggerDefinition {\"httpsTrigger\":{},\"name\":\"api\",\"entryPoint\":\"api\"}"}}
[debug] [2021-06-11T06:52:20.063Z] [runtime-status] [21220] Running api in mode HTTPS {"metadata":{"emulator":{"name":"functions"},"function":{"name":"api"},"message":"[runtime-status] [21220] Running api in mode HTTPS"}}
[debug] [2021-06-11T06:52:20.064Z] [runtime-status] [21220] Attempting to listen to socketPath: \\?\pipe\C:\Users\being\Desktop\clone-master\react-challenge-amazon-clone-master\functions\21220 {"metadata":{"emulator":{"name":"functions"},"function":{"name":"api"},"message":"[runtime-status] [21220] Attempting to listen to socketPath: \\\\?\\pipe\\C:\\Users\\being\\Desktop\\clone-master\\react-challenge-amazon-clone-master\\functions\\21220"}}
[debug] [2021-06-11T06:52:20.064Z] [functions] Runtime ready! Sending request! {"metadata":{"emulator":{"name":"functions"},"message":"[functions] Runtime ready! Sending request!"}}
[debug] [2021-06-11T06:52:20.065Z] [functions] Got req.url=/clone-b51f3/us-central1/api/payments/create?total=0, mapping to path=/payments/create?total=0 {"metadata":{"emulator":{"name":"functions"},"message":"[functions] Got req.url=/clone-b51f3/us-central1/api/payments/create?total=0, mapping to path=/payments/create?total=0"}}
[debug] [2021-06-11T06:52:20.066Z] [runtime-status] [21220] Ephemeral server handling POST request {"metadata":{"emulator":{"name":"functions"},"function":{"name":"api"},"message":"[runtime-status] [21220] Ephemeral server handling POST request"}}
[info] >  Payment Request Recieved BOOM!!! for this amount >>>  0 {"user":"Payment Request Recieved BOOM!!! for this amount >>>  0","metadata":{"emulator":{"name":"functions"},"function":{"name":"api"},"message":"\u001b[90m> \u001b[39m Payment Request Recieved BOOM!!! for this amount >>>  0"}}
[debug] [2021-06-11T06:52:20.068Z] [runtime-status] [21220] Ephemeral server survived. {"metadata":{"emulator":{"name":"functions"},"function":{"name":"api"},"message":"[runtime-status] [21220] Ephemeral server survived."}}
[info] >  (node:21220) UnhandledPromiseRejectionWarning: Error: This value must be greater than or equal to 1. {"user":"(node:21220) UnhandledPromiseRejectionWarning: Error: This value must be greater than or equal to 1.","metadata":{"emulator":{"name":"functions"},"function":{"name":"api"},"message":"\u001b[90m> \u001b[39m (node:21220) UnhandledPromiseRejectionWarning: Error: This value must be greater than or equal to 1."}}
[info] >      at Function.generate (C:\Users\being\Desktop\clone-master\react-challenge-amazon-clone-master\node_modules\stripe\lib\Error.js:40:16) {"user":"    at Function.generate (C:\\Users\\being\\Desktop\\clone-master\\react-challenge-amazon-clone-master\\node_modules\\stripe\\lib\\Error.js:40:16)","metadata":{"emulator":{"name":"functions"},"function":{"name":"api"},"message":"\u001b[90m> \u001b[39m     at Function.generate (C:\\Users\\being\\Desktop\\clone-master\\react-challenge-amazon-clone-master\\node_modules\\stripe\\lib\\Error.js:40:16)"}}
[info] >      at IncomingMessage.<anonymous> (C:\Users\being\Desktop\clone-master\react-challenge-amazon-clone-master\node_modules\stripe\lib\StripeResource.js:180:33) {"user":"    at IncomingMessage.<anonymous> (C:\\Users\\being\\Desktop\\clone-master\\react-challenge-amazon-clone-master\\node_modules\\stripe\\lib\\StripeResource.js:180:33)","metadata":{"emulator":{"name":"functions"},"function":{"name":"api"},"message":"\u001b[90m> \u001b[39m     at IncomingMessage.<anonymous> (C:\\Users\\being\\Desktop\\clone-master\\react-challenge-amazon-clone-master\\node_modules\\stripe\\lib\\StripeResource.js:180:33)"}}
[info] >      at Object.onceWrapper (events.js:421:28) {"user":"    at Object.onceWrapper (events.js:421:28)","metadata":{"emulator":{"name":"functions"},"function":{"name":"api"},"message":"\u001b[90m> \u001b[39m     at Object.onceWrapper (events.js:421:28)"}}
[info] >      at IncomingMessage.emit (events.js:327:22) {"user":"    at IncomingMessage.emit (events.js:327:22)","metadata":{"emulator":{"name":"functions"},"function":{"name":"api"},"message":"\u001b[90m> \u001b[39m     at IncomingMessage.emit (events.js:327:22)"}}
[info] >      at endReadableNT (internal/streams/readable.js:1327:12) {"user":"    at endReadableNT (internal/streams/readable.js:1327:12)","metadata":{"emulator":{"name":"functions"},"function":{"name":"api"},"message":"\u001b[90m> \u001b[39m     at endReadableNT (internal/streams/readable.js:1327:12)"}}
[info] >      at processTicksAndRejections (internal/process/task_queues.js:80:21) {"user":"    at processTicksAndRejections (internal/process/task_queues.js:80:21)","metadata":{"emulator":{"name":"functions"},"function":{"name":"api"},"message":"\u001b[90m> \u001b[39m     at processTicksAndRejections (internal/process/task_queues.js:80:21)"}}
[info] >  (Use `node --trace-warnings ...` to show where the warning was created) {"user":"(Use `node --trace-warnings ...` to show where the warning was created)","metadata":{"emulator":{"name":"functions"},"function":{"name":"api"},"message":"\u001b[90m> \u001b[39m (Use `node --trace-warnings ...` to show where the warning was created)"}}
[info] >  (node:21220) UnhandledPromiseRejectionWarning: Unhandled promise rejection. This error originated either by throwing inside of an async function without a catch block, or by rejecting a promise which was not handled with .catch(). To terminate the node process on unhandled promise rejection, use the CLI flag `--unhandled-rejections=strict` (see https://nodejs.org/api/cli.html#cli_unhandled_rejections_mode). (rejection id: 1) {"user":"(node:21220) UnhandledPromiseRejectionWarning: Unhandled promise rejection. This error originated either by throwing inside of an async function without a catch block, or by rejecting a promise which was not handled with .catch(). To terminate the node process on unhandled promise rejection, use the CLI flag `--unhandled-rejections=strict` (see https://nodejs.org/api/cli.html#cli_unhandled_rejections_mode). (rejection id: 1)","metadata":{"emulator":{"name":"functions"},"function":{"name":"api"},"message":"\u001b[90m> \u001b[39m (node:21220) UnhandledPromiseRejectionWarning: Unhandled promise rejection. This error originated either by throwing inside of an async function without a catch block, or by rejecting a promise which was not handled with .catch(). To terminate the node process on unhandled promise rejection, use the CLI flag `--unhandled-rejections=strict` (see https://nodejs.org/api/cli.html#cli_unhandled_rejections_mode). (rejection id: 1)"}}
[info] >  (node:21220) [DEP0018] DeprecationWarning: Unhandled promise rejections are deprecated. In the future, promise rejections that are not handled will terminate the Node.js process with a non-zero exit code. {"user":"(node:21220) [DEP0018] DeprecationWarning: Unhandled promise rejections are deprecated. In the future, promise rejections that are not handled will terminate the Node.js process with a non-zero exit code.","metadata":{"emulator":{"name":"functions"},"function":{"name":"api"},"message":"\u001b[90m> \u001b[39m (node:21220) [DEP0018] DeprecationWarning: Unhandled promise rejections are deprecated. In the future, promise rejections that are not handled will terminate the Node.js process with a non-zero exit code."}}
[warn] !  functions: Your function timed out after ~60s. To configure this timeout, see
      https://firebase.google.com/docs/functions/manage-functions#set_timeout_and_memory_allocation. {"metadata":{"emulator":{"name":"functions"},"function":{"name":"api"},"message":"Your function timed out after ~60s. To configure this timeout, see\n      https://firebase.google.com/docs/functions/manage-functions#set_timeout_and_memory_allocation."}}
[info] >  C:\Users\being\AppData\Roaming\npm\node_modules\firebase-tools\lib\emulator\functionsEmulatorRuntime.js:644 {"user":"C:\\Users\\being\\AppData\\Roaming\\npm\\node_modules\\firebase-tools\\lib\\emulator\\functionsEmulatorRuntime.js:644\r","metadata":{"emulator":{"name":"functions"},"function":{"name":"api"},"message":"\u001b[90m> \u001b[39m C:\\Users\\being\\AppData\\Roaming\\npm\\node_modules\\firebase-tools\\lib\\emulator\\functionsEmulatorRuntime.js:644\r"}}
[info] >              throw new Error("Function timed out."); {"user":"            throw new Error(\"Function timed out.\");\r","metadata":{"emulator":{"name":"functions"},"function":{"name":"api"},"message":"\u001b[90m> \u001b[39m             throw new Error(\"Function timed out.\");\r"}}
[info] >              ^ {"user":"            ^\r","metadata":{"emulator":{"name":"functions"},"function":{"name":"api"},"message":"\u001b[90m> \u001b[39m             ^\r"}}
[info] >   {"user":"\r","metadata":{"emulator":{"name":"functions"},"function":{"name":"api"},"message":"\u001b[90m> \u001b[39m \r"}}
[info] >  Error: Function timed out. {"user":"Error: Function timed out.\r","metadata":{"emulator":{"name":"functions"},"function":{"name":"api"},"message":"\u001b[90m> \u001b[39m Error: Function timed out.\r"}}
[info] >      at Timeout._onTimeout (C:\Users\being\AppData\Roaming\npm\node_modules\firebase-tools\lib\emulator\functionsEmulatorRuntime.js:644:19) {"user":"    at Timeout._onTimeout (C:\\Users\\being\\AppData\\Roaming\\npm\\node_modules\\firebase-tools\\lib\\emulator\\functionsEmulatorRuntime.js:644:19)\r","metadata":{"emulator":{"name":"functions"},"function":{"name":"api"},"message":"\u001b[90m> \u001b[39m     at Timeout._onTimeout (C:\\Users\\being\\AppData\\Roaming\\npm\\node_modules\\firebase-tools\\lib\\emulator\\functionsEmulatorRuntime.js:644:19)\r"}}
[info] >      at listOnTimeout (internal/timers.js:554:17) {"user":"    at listOnTimeout (internal/timers.js:554:17)\r","metadata":{"emulator":{"name":"functions"},"function":{"name":"api"},"message":"\u001b[90m> \u001b[39m     at listOnTimeout (internal/timers.js:554:17)\r"}}
[info] >      at processTimers (internal/timers.js:497:7) {"user":"    at processTimers (internal/timers.js:497:7)\r","metadata":{"emulator":{"name":"functions"},"function":{"name":"api"},"message":"\u001b[90m> \u001b[39m     at processTimers (internal/timers.js:497:7)\r"}}
[debug] [2021-06-11T06:53:20.090Z] [worker-api-e0b05f49-dc04-4637-9788-24057848e386]: exited {"metadata":{"emulator":{"name":"functions"},"message":"[worker-api-e0b05f49-dc04-4637-9788-24057848e386]: exited"}}
[debug] [2021-06-11T06:53:20.091Z] [worker-api-e0b05f49-dc04-4637-9788-24057848e386]: FINISHED {"metadata":{"emulator":{"name":"functions"},"message":"[worker-api-e0b05f49-dc04-4637-9788-24057848e386]: FINISHED"}}
[debug] [2021-06-11T06:53:20.091Z] [work-queue] {"queueLength":0,"workRunningCount":0}
[debug] [2021-06-11T06:54:57.052Z] [work-queue] {"queueLength":1,"workRunningCount":0}
[debug] [2021-06-11T06:54:57.052Z] [work-queue] {"queueLength":0,"workRunningCount":1}
[debug] [2021-06-11T06:54:57.053Z] Accepted request POST /clone-b51f3/us-central1/api/payments/create?total=51200 --> api
[debug] [2021-06-11T06:54:57.053Z] [worker-pool] Cleaned up workers for api: 1 --> 0 {"metadata":{"emulator":{"name":"functions"},"message":"[worker-pool] Cleaned up workers for api: 1 --> 0"}}
[debug] [2021-06-11T06:54:57.059Z] [worker-pool] addWorker(api) {"metadata":{"emulator":{"name":"functions"},"message":"[worker-pool] addWorker(api)"}}
[debug] [2021-06-11T06:54:57.059Z] [worker-pool] Adding worker with key api, total=1 {"metadata":{"emulator":{"name":"functions"},"message":"[worker-pool] Adding worker with key api, total=1"}}
[debug] [2021-06-11T06:54:57.060Z] [worker-pool] submitWork(triggerId=api) {"metadata":{"emulator":{"name":"functions"},"message":"[worker-pool] submitWork(triggerId=api)"}}
[debug] [2021-06-11T06:54:57.060Z] [worker-api-b06c1011-bddb-4485-ac92-5c20cbab46e0]: Assigning socketPath: \\?\pipe\C:\Users\being\Desktop\clone-master\react-challenge-amazon-clone-master\functions\21220 {"metadata":{"emulator":{"name":"functions"},"message":"[worker-api-b06c1011-bddb-4485-ac92-5c20cbab46e0]: Assigning socketPath: \\\\?\\pipe\\C:\\Users\\being\\Desktop\\clone-master\\react-challenge-amazon-clone-master\\functions\\21220"}}
[debug] [2021-06-11T06:54:57.060Z] [worker-api-b06c1011-bddb-4485-ac92-5c20cbab46e0]: BUSY {"metadata":{"emulator":{"name":"functions"},"message":"[worker-api-b06c1011-bddb-4485-ac92-5c20cbab46e0]: BUSY"}}
[debug] [2021-06-11T06:54:57.397Z] [runtime-status] [21220] Functions runtime initialized. {"cwd":"C:\\Users\\being\\Desktop\\clone-master\\react-challenge-amazon-clone-master\\functions","node_version":"14.16.0"} {"metadata":{"emulator":{"name":"functions"},"function":{"name":"api"},"message":"[runtime-status] [21220] Functions runtime initialized. {\"cwd\":\"C:\\\\Users\\\\being\\\\Desktop\\\\clone-master\\\\react-challenge-amazon-clone-master\\\\functions\",\"node_version\":\"14.16.0\"}"}}
[debug] [2021-06-11T06:54:57.398Z] [runtime-status] [21220] Disabled runtime features: undefined {"metadata":{"emulator":{"name":"functions"},"function":{"name":"api"},"message":"[runtime-status] [21220] Disabled runtime features: undefined"}}
[debug] [2021-06-11T06:54:57.402Z] [runtime-status] [21220] Resolved module firebase-admin {"declared":true,"installed":true,"version":"9.5.0","resolution":"C:\\Users\\being\\Desktop\\clone-master\\react-challenge-amazon-clone-master\\functions\\node_modules\\firebase-admin\\lib\\index.js"} {"metadata":{"emulator":{"name":"functions"},"function":{"name":"api"},"message":"[runtime-status] [21220] Resolved module firebase-admin {\"declared\":true,\"installed\":true,\"version\":\"9.5.0\",\"resolution\":\"C:\\\\Users\\\\being\\\\Desktop\\\\clone-master\\\\react-challenge-amazon-clone-master\\\\functions\\\\node_modules\\\\firebase-admin\\\\lib\\\\index.js\"}"}}
[debug] [2021-06-11T06:54:57.404Z] [runtime-status] [21220] Resolved module firebase-functions {"declared":true,"installed":true,"version":"3.11.0","resolution":"C:\\Users\\being\\Desktop\\clone-master\\react-challenge-amazon-clone-master\\functions\\node_modules\\firebase-functions\\lib\\index.js"} {"metadata":{"emulator":{"name":"functions"},"function":{"name":"api"},"message":"[runtime-status] [21220] Resolved module firebase-functions {\"declared\":true,\"installed\":true,\"version\":\"3.11.0\",\"resolution\":\"C:\\\\Users\\\\being\\\\Desktop\\\\clone-master\\\\react-challenge-amazon-clone-master\\\\functions\\\\node_modules\\\\firebase-functions\\\\lib\\\\index.js\"}"}}
[debug] [2021-06-11T06:54:57.405Z] [runtime-status] [21220] Resolved module firebase-functions {"declared":true,"installed":true,"version":"3.11.0","resolution":"C:\\Users\\being\\Desktop\\clone-master\\react-challenge-amazon-clone-master\\functions\\node_modules\\firebase-functions\\lib\\index.js"} {"metadata":{"emulator":{"name":"functions"},"function":{"name":"api"},"message":"[runtime-status] [21220] Resolved module firebase-functions {\"declared\":true,\"installed\":true,\"version\":\"3.11.0\",\"resolution\":\"C:\\\\Users\\\\being\\\\Desktop\\\\clone-master\\\\react-challenge-amazon-clone-master\\\\functions\\\\node_modules\\\\firebase-functions\\\\lib\\\\index.js\"}"}}
[debug] [2021-06-11T06:54:57.407Z] [runtime-status] [21220] Outgoing network have been stubbed. [{"name":"http","status":"mocked"},{"name":"http","status":"mocked"},{"name":"https","status":"mocked"},{"name":"https","status":"mocked"},{"name":"net","status":"mocked"}] {"metadata":{"emulator":{"name":"functions"},"function":{"name":"api"},"message":"[runtime-status] [21220] Outgoing network have been stubbed. [{\"name\":\"http\",\"status\":\"mocked\"},{\"name\":\"http\",\"status\":\"mocked\"},{\"name\":\"https\",\"status\":\"mocked\"},{\"name\":\"https\",\"status\":\"mocked\"},{\"name\":\"net\",\"status\":\"mocked\"}]"}}
[debug] [2021-06-11T06:54:57.408Z] [runtime-status] [21220] Resolved module firebase-functions {"declared":true,"installed":true,"version":"3.11.0","resolution":"C:\\Users\\being\\Desktop\\clone-master\\react-challenge-amazon-clone-master\\functions\\node_modules\\firebase-functions\\lib\\index.js"} {"metadata":{"emulator":{"name":"functions"},"function":{"name":"api"},"message":"[runtime-status] [21220] Resolved module firebase-functions {\"declared\":true,\"installed\":true,\"version\":\"3.11.0\",\"resolution\":\"C:\\\\Users\\\\being\\\\Desktop\\\\clone-master\\\\react-challenge-amazon-clone-master\\\\functions\\\\node_modules\\\\firebase-functions\\\\lib\\\\index.js\"}"}}
[debug] [2021-06-11T06:54:57.482Z] [runtime-status] [21220] Checked functions.config() {"config":{}} {"metadata":{"emulator":{"name":"functions"},"function":{"name":"api"},"message":"[runtime-status] [21220] Checked functions.config() {\"config\":{}}"}}
[debug] [2021-06-11T06:54:57.483Z] [runtime-status] [21220] firebase-functions has been stubbed. {"functionsResolution":{"declared":true,"installed":true,"version":"3.11.0","resolution":"C:\\Users\\being\\Desktop\\clone-master\\react-challenge-amazon-clone-master\\functions\\node_modules\\firebase-functions\\lib\\index.js"}} {"metadata":{"emulator":{"name":"functions"},"function":{"name":"api"},"message":"[runtime-status] [21220] firebase-functions has been stubbed. {\"functionsResolution\":{\"declared\":true,\"installed\":true,\"version\":\"3.11.0\",\"resolution\":\"C:\\\\Users\\\\being\\\\Desktop\\\\clone-master\\\\react-challenge-amazon-clone-master\\\\functions\\\\node_modules\\\\firebase-functions\\\\lib\\\\index.js\"}}"}}
[debug] [2021-06-11T06:54:57.486Z] [runtime-status] [21220] Resolved module firebase-functions {"declared":true,"installed":true,"version":"3.11.0","resolution":"C:\\Users\\being\\Desktop\\clone-master\\react-challenge-amazon-clone-master\\functions\\node_modules\\firebase-functions\\lib\\index.js"} {"metadata":{"emulator":{"name":"functions"},"function":{"name":"api"},"message":"[runtime-status] [21220] Resolved module firebase-functions {\"declared\":true,\"installed\":true,\"version\":\"3.11.0\",\"resolution\":\"C:\\\\Users\\\\being\\\\Desktop\\\\clone-master\\\\react-challenge-amazon-clone-master\\\\functions\\\\node_modules\\\\firebase-functions\\\\lib\\\\index.js\"}"}}
[debug] [2021-06-11T06:54:57.488Z] [runtime-status] [21220] Resolved module firebase-admin {"declared":true,"installed":true,"version":"9.5.0","resolution":"C:\\Users\\being\\Desktop\\clone-master\\react-challenge-amazon-clone-master\\functions\\node_modules\\firebase-admin\\lib\\index.js"} {"metadata":{"emulator":{"name":"functions"},"function":{"name":"api"},"message":"[runtime-status] [21220] Resolved module firebase-admin {\"declared\":true,\"installed\":true,\"version\":\"9.5.0\",\"resolution\":\"C:\\\\Users\\\\being\\\\Desktop\\\\clone-master\\\\react-challenge-amazon-clone-master\\\\functions\\\\node_modules\\\\firebase-admin\\\\lib\\\\index.js\"}"}}
[debug] [2021-06-11T06:54:57.489Z] [runtime-status] [21220] Resolved module firebase-functions {"declared":true,"installed":true,"version":"3.11.0","resolution":"C:\\Users\\being\\Desktop\\clone-master\\react-challenge-amazon-clone-master\\functions\\node_modules\\firebase-functions\\lib\\index.js"} {"metadata":{"emulator":{"name":"functions"},"function":{"name":"api"},"message":"[runtime-status] [21220] Resolved module firebase-functions {\"declared\":true,\"installed\":true,\"version\":\"3.11.0\",\"resolution\":\"C:\\\\Users\\\\being\\\\Desktop\\\\clone-master\\\\react-challenge-amazon-clone-master\\\\functions\\\\node_modules\\\\firebase-functions\\\\lib\\\\index.js\"}"}}
[debug] [2021-06-11T06:54:57.489Z] [runtime-status] [21220] firebase-admin has been stubbed. {"adminResolution":{"declared":true,"installed":true,"version":"9.5.0","resolution":"C:\\Users\\being\\Desktop\\clone-master\\react-challenge-amazon-clone-master\\functions\\node_modules\\firebase-admin\\lib\\index.js"}} {"metadata":{"emulator":{"name":"functions"},"function":{"name":"api"},"message":"[runtime-status] [21220] firebase-admin has been stubbed. {\"adminResolution\":{\"declared\":true,\"installed\":true,\"version\":\"9.5.0\",\"resolution\":\"C:\\\\Users\\\\being\\\\Desktop\\\\clone-master\\\\react-challenge-amazon-clone-master\\\\functions\\\\node_modules\\\\firebase-admin\\\\lib\\\\index.js\"}}"}}
[debug] [2021-06-11T06:54:57.764Z] [runtime-status] [21220] Trigger "api" has been found, beginning invocation! {"metadata":{"emulator":{"name":"functions"},"function":{"name":"api"},"message":"[runtime-status] [21220] Trigger \"api\" has been found, beginning invocation!"}}
[info] i  functions: Beginning execution of "api" {"metadata":{"emulator":{"name":"functions"},"function":{"name":"api"},"message":"Beginning execution of \"api\""}}
[debug] [2021-06-11T06:54:57.766Z] [runtime-status] [21220] triggerDefinition {"httpsTrigger":{},"name":"api","entryPoint":"api"} {"metadata":{"emulator":{"name":"functions"},"function":{"name":"api"},"message":"[runtime-status] [21220] triggerDefinition {\"httpsTrigger\":{},\"name\":\"api\",\"entryPoint\":\"api\"}"}}
[debug] [2021-06-11T06:54:57.766Z] [runtime-status] [21220] Running api in mode HTTPS {"metadata":{"emulator":{"name":"functions"},"function":{"name":"api"},"message":"[runtime-status] [21220] Running api in mode HTTPS"}}
[debug] [2021-06-11T06:54:57.768Z] [runtime-status] [21220] Attempting to listen to socketPath: \\?\pipe\C:\Users\being\Desktop\clone-master\react-challenge-amazon-clone-master\functions\21220 {"metadata":{"emulator":{"name":"functions"},"function":{"name":"api"},"message":"[runtime-status] [21220] Attempting to listen to socketPath: \\\\?\\pipe\\C:\\Users\\being\\Desktop\\clone-master\\react-challenge-amazon-clone-master\\functions\\21220"}}
[debug] [2021-06-11T06:54:57.771Z] [functions] Runtime ready! Sending request! {"metadata":{"emulator":{"name":"functions"},"message":"[functions] Runtime ready! Sending request!"}}
[debug] [2021-06-11T06:54:57.772Z] [functions] Got req.url=/clone-b51f3/us-central1/api/payments/create?total=51200, mapping to path=/payments/create?total=51200 {"metadata":{"emulator":{"name":"functions"},"message":"[functions] Got req.url=/clone-b51f3/us-central1/api/payments/create?total=51200, mapping to path=/payments/create?total=51200"}}
[debug] [2021-06-11T06:54:57.778Z] [runtime-status] [21220] Ephemeral server handling POST request {"metadata":{"emulator":{"name":"functions"},"function":{"name":"api"},"message":"[runtime-status] [21220] Ephemeral server handling POST request"}}
[info] >  Payment Request Recieved BOOM!!! for this amount >>>  51200 {"user":"Payment Request Recieved BOOM!!! for this amount >>>  51200","metadata":{"emulator":{"name":"functions"},"function":{"name":"api"},"message":"\u001b[90m> \u001b[39m Payment Request Recieved BOOM!!! for this amount >>>  51200"}}
[debug] [2021-06-11T06:54:57.791Z] [runtime-status] [21220] Ephemeral server survived. {"metadata":{"emulator":{"name":"functions"},"function":{"name":"api"},"message":"[runtime-status] [21220] Ephemeral server survived."}}
[info] i  functions: Finished "api" in ~13s {"metadata":{"emulator":{"name":"functions"},"function":{"name":"api"},"message":"Finished \"api\" in ~13s"}}
[debug] [2021-06-11T06:55:11.442Z] [worker-api-b06c1011-bddb-4485-ac92-5c20cbab46e0]: IDLE {"metadata":{"emulator":{"name":"functions"},"message":"[worker-api-b06c1011-bddb-4485-ac92-5c20cbab46e0]: IDLE"}}
[debug] [2021-06-11T06:55:11.442Z] [work-queue] {"queueLength":0,"workRunningCount":0}
[debug] [2021-06-11T06:58:04.918Z] [work-queue] {"queueLength":1,"workRunningCount":0}
[debug] [2021-06-11T06:58:04.918Z] [work-queue] {"queueLength":0,"workRunningCount":1}
[debug] [2021-06-11T06:58:04.918Z] Accepted request POST /clone-b51f3/us-central1/api/payments/create?total=51200 --> api
[debug] [2021-06-11T06:58:04.919Z] [worker-pool] submitWork(triggerId=api) {"metadata":{"emulator":{"name":"functions"},"message":"[worker-pool] submitWork(triggerId=api)"}}
[debug] [2021-06-11T06:58:04.919Z] [worker-api-b06c1011-bddb-4485-ac92-5c20cbab46e0]: Assigning socketPath: \\?\pipe\C:\Users\being\Desktop\clone-master\react-challenge-amazon-clone-master\functions\21220 {"metadata":{"emulator":{"name":"functions"},"message":"[worker-api-b06c1011-bddb-4485-ac92-5c20cbab46e0]: Assigning socketPath: \\\\?\\pipe\\C:\\Users\\being\\Desktop\\clone-master\\react-challenge-amazon-clone-master\\functions\\21220"}}
[debug] [2021-06-11T06:58:04.919Z] [worker-api-b06c1011-bddb-4485-ac92-5c20cbab46e0]: BUSY {"metadata":{"emulator":{"name":"functions"},"message":"[worker-api-b06c1011-bddb-4485-ac92-5c20cbab46e0]: BUSY"}}
[debug] [2021-06-11T06:58:04.919Z] [runtime-status] [21220] Trigger "api" has been found, beginning invocation! {"metadata":{"emulator":{"name":"functions"},"function":{"name":"api"},"message":"[runtime-status] [21220] Trigger \"api\" has been found, beginning invocation!"}}
[info] i  functions: Beginning execution of "api" {"metadata":{"emulator":{"name":"functions"},"function":{"name":"api"},"message":"Beginning execution of \"api\""}}
[debug] [2021-06-11T06:58:04.920Z] [runtime-status] [21220] triggerDefinition {"httpsTrigger":{},"name":"api","entryPoint":"api"} {"metadata":{"emulator":{"name":"functions"},"function":{"name":"api"},"message":"[runtime-status] [21220] triggerDefinition {\"httpsTrigger\":{},\"name\":\"api\",\"entryPoint\":\"api\"}"}}
[debug] [2021-06-11T06:58:04.920Z] [runtime-status] [21220] Running api in mode HTTPS {"metadata":{"emulator":{"name":"functions"},"function":{"name":"api"},"message":"[runtime-status] [21220] Running api in mode HTTPS"}}
[debug] [2021-06-11T06:58:04.920Z] [runtime-status] [21220] Attempting to listen to socketPath: \\?\pipe\C:\Users\being\Desktop\clone-master\react-challenge-amazon-clone-master\functions\21220 {"metadata":{"emulator":{"name":"functions"},"function":{"name":"api"},"message":"[runtime-status] [21220] Attempting to listen to socketPath: \\\\?\\pipe\\C:\\Users\\being\\Desktop\\clone-master\\react-challenge-amazon-clone-master\\functions\\21220"}}
[debug] [2021-06-11T06:58:04.922Z] [functions] Runtime ready! Sending request! {"metadata":{"emulator":{"name":"functions"},"message":"[functions] Runtime ready! Sending request!"}}
[debug] [2021-06-11T06:58:04.922Z] [functions] Got req.url=/clone-b51f3/us-central1/api/payments/create?total=51200, mapping to path=/payments/create?total=51200 {"metadata":{"emulator":{"name":"functions"},"message":"[functions] Got req.url=/clone-b51f3/us-central1/api/payments/create?total=51200, mapping to path=/payments/create?total=51200"}}
[debug] [2021-06-11T06:58:04.924Z] [runtime-status] [21220] Ephemeral server handling POST request {"metadata":{"emulator":{"name":"functions"},"function":{"name":"api"},"message":"[runtime-status] [21220] Ephemeral server handling POST request"}}
[info] >  Payment Request Recieved BOOM!!! for this amount >>>  51200 {"user":"Payment Request Recieved BOOM!!! for this amount >>>  51200","metadata":{"emulator":{"name":"functions"},"function":{"name":"api"},"message":"\u001b[90m> \u001b[39m Payment Request Recieved BOOM!!! for this amount >>>  51200"}}
[debug] [2021-06-11T06:58:04.926Z] [runtime-status] [21220] Ephemeral server survived. {"metadata":{"emulator":{"name":"functions"},"function":{"name":"api"},"message":"[runtime-status] [21220] Ephemeral server survived."}}
[info] i  functions: Finished "api" in ~4s {"metadata":{"emulator":{"name":"functions"},"function":{"name":"api"},"message":"Finished \"api\" in ~4s"}}
[debug] [2021-06-11T06:58:09.121Z] [worker-api-b06c1011-bddb-4485-ac92-5c20cbab46e0]: IDLE {"metadata":{"emulator":{"name":"functions"},"message":"[worker-api-b06c1011-bddb-4485-ac92-5c20cbab46e0]: IDLE"}}
[debug] [2021-06-11T06:58:09.121Z] [work-queue] {"queueLength":0,"workRunningCount":0}
[debug] [2021-06-11T06:58:30.291Z] [work-queue] {"queueLength":1,"workRunningCount":0}
[debug] [2021-06-11T06:58:30.291Z] [work-queue] {"queueLength":0,"workRunningCount":1}
[debug] [2021-06-11T06:58:30.292Z] Accepted request POST /clone-b51f3/us-central1/api/payments/create?total=0 --> api
[debug] [2021-06-11T06:58:30.292Z] [worker-pool] submitWork(triggerId=api) {"metadata":{"emulator":{"name":"functions"},"message":"[worker-pool] submitWork(triggerId=api)"}}
[debug] [2021-06-11T06:58:30.292Z] [worker-api-b06c1011-bddb-4485-ac92-5c20cbab46e0]: Assigning socketPath: \\?\pipe\C:\Users\being\Desktop\clone-master\react-challenge-amazon-clone-master\functions\21220 {"metadata":{"emulator":{"name":"functions"},"message":"[worker-api-b06c1011-bddb-4485-ac92-5c20cbab46e0]: Assigning socketPath: \\\\?\\pipe\\C:\\Users\\being\\Desktop\\clone-master\\react-challenge-amazon-clone-master\\functions\\21220"}}
[debug] [2021-06-11T06:58:30.292Z] [worker-api-b06c1011-bddb-4485-ac92-5c20cbab46e0]: BUSY {"metadata":{"emulator":{"name":"functions"},"message":"[worker-api-b06c1011-bddb-4485-ac92-5c20cbab46e0]: BUSY"}}
[debug] [2021-06-11T06:58:30.293Z] [runtime-status] [21220] Trigger "api" has been found, beginning invocation! {"metadata":{"emulator":{"name":"functions"},"function":{"name":"api"},"message":"[runtime-status] [21220] Trigger \"api\" has been found, beginning invocation!"}}
[info] i  functions: Beginning execution of "api" {"metadata":{"emulator":{"name":"functions"},"function":{"name":"api"},"message":"Beginning execution of \"api\""}}
[debug] [2021-06-11T06:58:30.295Z] [runtime-status] [21220] triggerDefinition {"httpsTrigger":{},"name":"api","entryPoint":"api"} {"metadata":{"emulator":{"name":"functions"},"function":{"name":"api"},"message":"[runtime-status] [21220] triggerDefinition {\"httpsTrigger\":{},\"name\":\"api\",\"entryPoint\":\"api\"}"}}
[debug] [2021-06-11T06:58:30.296Z] [runtime-status] [21220] Running api in mode HTTPS {"metadata":{"emulator":{"name":"functions"},"function":{"name":"api"},"message":"[runtime-status] [21220] Running api in mode HTTPS"}}
[debug] [2021-06-11T06:58:30.296Z] [runtime-status] [21220] Attempting to listen to socketPath: \\?\pipe\C:\Users\being\Desktop\clone-master\react-challenge-amazon-clone-master\functions\21220 {"metadata":{"emulator":{"name":"functions"},"function":{"name":"api"},"message":"[runtime-status] [21220] Attempting to listen to socketPath: \\\\?\\pipe\\C:\\Users\\being\\Desktop\\clone-master\\react-challenge-amazon-clone-master\\functions\\21220"}}
[debug] [2021-06-11T06:58:30.298Z] [functions] Runtime ready! Sending request! {"metadata":{"emulator":{"name":"functions"},"message":"[functions] Runtime ready! Sending request!"}}
[debug] [2021-06-11T06:58:30.298Z] [functions] Got req.url=/clone-b51f3/us-central1/api/payments/create?total=0, mapping to path=/payments/create?total=0 {"metadata":{"emulator":{"name":"functions"},"message":"[functions] Got req.url=/clone-b51f3/us-central1/api/payments/create?total=0, mapping to path=/payments/create?total=0"}}
[debug] [2021-06-11T06:58:30.305Z] [runtime-status] [21220] Ephemeral server handling POST request {"metadata":{"emulator":{"name":"functions"},"function":{"name":"api"},"message":"[runtime-status] [21220] Ephemeral server handling POST request"}}
[info] >  Payment Request Recieved BOOM!!! for this amount >>>  0 {"user":"Payment Request Recieved BOOM!!! for this amount >>>  0","metadata":{"emulator":{"name":"functions"},"function":{"name":"api"},"message":"\u001b[90m> \u001b[39m Payment Request Recieved BOOM!!! for this amount >>>  0"}}
[debug] [2021-06-11T06:58:30.307Z] [runtime-status] [21220] Ephemeral server survived. {"metadata":{"emulator":{"name":"functions"},"function":{"name":"api"},"message":"[runtime-status] [21220] Ephemeral server survived."}}
[info] >  (node:21220) UnhandledPromiseRejectionWarning: Error: This value must be greater than or equal to 1. {"user":"(node:21220) UnhandledPromiseRejectionWarning: Error: This value must be greater than or equal to 1.","metadata":{"emulator":{"name":"functions"},"function":{"name":"api"},"message":"\u001b[90m> \u001b[39m (node:21220) UnhandledPromiseRejectionWarning: Error: This value must be greater than or equal to 1."}}
[info] >      at Function.generate (C:\Users\being\Desktop\clone-master\react-challenge-amazon-clone-master\node_modules\stripe\lib\Error.js:40:16) {"user":"    at Function.generate (C:\\Users\\being\\Desktop\\clone-master\\react-challenge-amazon-clone-master\\node_modules\\stripe\\lib\\Error.js:40:16)","metadata":{"emulator":{"name":"functions"},"function":{"name":"api"},"message":"\u001b[90m> \u001b[39m     at Function.generate (C:\\Users\\being\\Desktop\\clone-master\\react-challenge-amazon-clone-master\\node_modules\\stripe\\lib\\Error.js:40:16)"}}
[info] >      at IncomingMessage.<anonymous> (C:\Users\being\Desktop\clone-master\react-challenge-amazon-clone-master\node_modules\stripe\lib\StripeResource.js:180:33) {"user":"    at IncomingMessage.<anonymous> (C:\\Users\\being\\Desktop\\clone-master\\react-challenge-amazon-clone-master\\node_modules\\stripe\\lib\\StripeResource.js:180:33)","metadata":{"emulator":{"name":"functions"},"function":{"name":"api"},"message":"\u001b[90m> \u001b[39m     at IncomingMessage.<anonymous> (C:\\Users\\being\\Desktop\\clone-master\\react-challenge-amazon-clone-master\\node_modules\\stripe\\lib\\StripeResource.js:180:33)"}}
[info] >      at Object.onceWrapper (events.js:421:28) {"user":"    at Object.onceWrapper (events.js:421:28)","metadata":{"emulator":{"name":"functions"},"function":{"name":"api"},"message":"\u001b[90m> \u001b[39m     at Object.onceWrapper (events.js:421:28)"}}
[info] >      at IncomingMessage.emit (events.js:327:22) {"user":"    at IncomingMessage.emit (events.js:327:22)","metadata":{"emulator":{"name":"functions"},"function":{"name":"api"},"message":"\u001b[90m> \u001b[39m     at IncomingMessage.emit (events.js:327:22)"}}
[info] >      at endReadableNT (internal/streams/readable.js:1327:12) {"user":"    at endReadableNT (internal/streams/readable.js:1327:12)","metadata":{"emulator":{"name":"functions"},"function":{"name":"api"},"message":"\u001b[90m> \u001b[39m     at endReadableNT (internal/streams/readable.js:1327:12)"}}
[info] >      at processTicksAndRejections (internal/process/task_queues.js:80:21) {"user":"    at processTicksAndRejections (internal/process/task_queues.js:80:21)","metadata":{"emulator":{"name":"functions"},"function":{"name":"api"},"message":"\u001b[90m> \u001b[39m     at processTicksAndRejections (internal/process/task_queues.js:80:21)"}}
[info] >  (Use `node --trace-warnings ...` to show where the warning was created) {"user":"(Use `node --trace-warnings ...` to show where the warning was created)","metadata":{"emulator":{"name":"functions"},"function":{"name":"api"},"message":"\u001b[90m> \u001b[39m (Use `node --trace-warnings ...` to show where the warning was created)"}}
[info] >  (node:21220) UnhandledPromiseRejectionWarning: Unhandled promise rejection. This error originated either by throwing inside of an async function without a catch block, or by rejecting a promise which was not handled with .catch(). To terminate the node process on unhandled promise rejection, use the CLI flag `--unhandled-rejections=strict` (see https://nodejs.org/api/cli.html#cli_unhandled_rejections_mode). (rejection id: 1) {"user":"(node:21220) UnhandledPromiseRejectionWarning: Unhandled promise rejection. This error originated either by throwing inside of an async function without a catch block, or by rejecting a promise which was not handled with .catch(). To terminate the node process on unhandled promise rejection, use the CLI flag `--unhandled-rejections=strict` (see https://nodejs.org/api/cli.html#cli_unhandled_rejections_mode). (rejection id: 1)","metadata":{"emulator":{"name":"functions"},"function":{"name":"api"},"message":"\u001b[90m> \u001b[39m (node:21220) UnhandledPromiseRejectionWarning: Unhandled promise rejection. This error originated either by throwing inside of an async function without a catch block, or by rejecting a promise which was not handled with .catch(). To terminate the node process on unhandled promise rejection, use the CLI flag `--unhandled-rejections=strict` (see https://nodejs.org/api/cli.html#cli_unhandled_rejections_mode). (rejection id: 1)"}}
[info] >  (node:21220) [DEP0018] DeprecationWarning: Unhandled promise rejections are deprecated. In the future, promise rejections that are not handled will terminate the Node.js process with a non-zero exit code. {"user":"(node:21220) [DEP0018] DeprecationWarning: Unhandled promise rejections are deprecated. In the future, promise rejections that are not handled will terminate the Node.js process with a non-zero exit code.","metadata":{"emulator":{"name":"functions"},"function":{"name":"api"},"message":"\u001b[90m> \u001b[39m (node:21220) [DEP0018] DeprecationWarning: Unhandled promise rejections are deprecated. In the future, promise rejections that are not handled will terminate the Node.js process with a non-zero exit code."}}
[warn] !  functions: Your function timed out after ~60s. To configure this timeout, see
      https://firebase.google.com/docs/functions/manage-functions#set_timeout_and_memory_allocation. {"metadata":{"emulator":{"name":"functions"},"function":{"name":"api"},"message":"Your function timed out after ~60s. To configure this timeout, see\n      https://firebase.google.com/docs/functions/manage-functions#set_timeout_and_memory_allocation."}}
[info] >  C:\Users\being\AppData\Roaming\npm\node_modules\firebase-tools\lib\emulator\functionsEmulatorRuntime.js:644 {"user":"C:\\Users\\being\\AppData\\Roaming\\npm\\node_modules\\firebase-tools\\lib\\emulator\\functionsEmulatorRuntime.js:644\r","metadata":{"emulator":{"name":"functions"},"function":{"name":"api"},"message":"\u001b[90m> \u001b[39m C:\\Users\\being\\AppData\\Roaming\\npm\\node_modules\\firebase-tools\\lib\\emulator\\functionsEmulatorRuntime.js:644\r"}}
[info] >              throw new Error("Function timed out."); {"user":"            throw new Error(\"Function timed out.\");\r","metadata":{"emulator":{"name":"functions"},"function":{"name":"api"},"message":"\u001b[90m> \u001b[39m             throw new Error(\"Function timed out.\");\r"}}
[info] >              ^ {"user":"            ^\r","metadata":{"emulator":{"name":"functions"},"function":{"name":"api"},"message":"\u001b[90m> \u001b[39m             ^\r"}}
[info] >   {"user":"\r","metadata":{"emulator":{"name":"functions"},"function":{"name":"api"},"message":"\u001b[90m> \u001b[39m \r"}}
[info] >  Error: Function timed out. {"user":"Error: Function timed out.\r","metadata":{"emulator":{"name":"functions"},"function":{"name":"api"},"message":"\u001b[90m> \u001b[39m Error: Function timed out.\r"}}
[info] >      at Timeout._onTimeout (C:\Users\being\AppData\Roaming\npm\node_modules\firebase-tools\lib\emulator\functionsEmulatorRuntime.js:644:19) {"user":"    at Timeout._onTimeout (C:\\Users\\being\\AppData\\Roaming\\npm\\node_modules\\firebase-tools\\lib\\emulator\\functionsEmulatorRuntime.js:644:19)\r","metadata":{"emulator":{"name":"functions"},"function":{"name":"api"},"message":"\u001b[90m> \u001b[39m     at Timeout._onTimeout (C:\\Users\\being\\AppData\\Roaming\\npm\\node_modules\\firebase-tools\\lib\\emulator\\functionsEmulatorRuntime.js:644:19)\r"}}
[info] >      at listOnTimeout (internal/timers.js:554:17) {"user":"    at listOnTimeout (internal/timers.js:554:17)\r","metadata":{"emulator":{"name":"functions"},"function":{"name":"api"},"message":"\u001b[90m> \u001b[39m     at listOnTimeout (internal/timers.js:554:17)\r"}}
[info] >      at processTimers (internal/timers.js:497:7) {"user":"    at processTimers (internal/timers.js:497:7)\r","metadata":{"emulator":{"name":"functions"},"function":{"name":"api"},"message":"\u001b[90m> \u001b[39m     at processTimers (internal/timers.js:497:7)\r"}}
[debug] [2021-06-11T06:59:30.323Z] [worker-api-b06c1011-bddb-4485-ac92-5c20cbab46e0]: exited {"metadata":{"emulator":{"name":"functions"},"message":"[worker-api-b06c1011-bddb-4485-ac92-5c20cbab46e0]: exited"}}
[debug] [2021-06-11T06:59:30.323Z] [worker-api-b06c1011-bddb-4485-ac92-5c20cbab46e0]: FINISHED {"metadata":{"emulator":{"name":"functions"},"message":"[worker-api-b06c1011-bddb-4485-ac92-5c20cbab46e0]: FINISHED"}}
[debug] [2021-06-11T06:59:30.323Z] [work-queue] {"queueLength":0,"workRunningCount":0}
[debug] [2021-06-11T07:13:52.348Z] [worker-~diagnostic~-03bb32e3-a4f6-4d41-8d54-9cbc290decb9]: exited {"metadata":{"emulator":{"name":"functions"},"message":"[worker-~diagnostic~-03bb32e3-a4f6-4d41-8d54-9cbc290decb9]: exited"}}
